<?xml version="1.0" encoding="UTF-8"?>
<testsuites>
  <testsuite name="D:\projects\statybaecommerse.prus.dev\phpunit.xml" tests="27" assertions="63" errors="0" failures="0" skipped="0" time="345.827882">
    <testsuite name="Unit" tests="7" assertions="13" errors="0" failures="0" skipped="0" time="326.286655">
      <testsuite name="Tests\Unit\DocumentTemplateResourceTest" file="tests\Unit\DocumentTemplateResourceTest.php" tests="7" assertions="13" errors="0" failures="0" skipped="0" time="326.286655">
        <testcase name="it unit: loads DocumentTemplateResource and model classes" file="tests\Unit\DocumentTemplateResourceTest.php::it unit: loads DocumentTemplateResource and model classes" class="Tests\Unit\DocumentTemplateResourceTest" classname="Tests.Unit.DocumentTemplateResourceTest" assertions="2" time="322.074661"/>
        <testcase name="it unit: has expected navigation group" file="tests\Unit\DocumentTemplateResourceTest.php::it unit: has expected navigation group" class="Tests\Unit\DocumentTemplateResourceTest" classname="Tests.Unit.DocumentTemplateResourceTest" assertions="1" time="0.897214"/>
        <testcase name="it unit: has expected navigation sort" file="tests\Unit\DocumentTemplateResourceTest.php::it unit: has expected navigation sort" class="Tests\Unit\DocumentTemplateResourceTest" classname="Tests.Unit.DocumentTemplateResourceTest" assertions="1" time="0.687470"/>
        <testcase name="it unit: has expected navigation icon" file="tests\Unit\DocumentTemplateResourceTest.php::it unit: has expected navigation icon" class="Tests\Unit\DocumentTemplateResourceTest" classname="Tests.Unit.DocumentTemplateResourceTest" assertions="1" time="0.656354"/>
        <testcase name="it unit: uses the correct model" file="tests\Unit\DocumentTemplateResourceTest.php::it unit: uses the correct model" class="Tests\Unit\DocumentTemplateResourceTest" classname="Tests.Unit.DocumentTemplateResourceTest" assertions="1" time="0.658015"/>
        <testcase name="it unit: exposes expected pages" file="tests\Unit\DocumentTemplateResourceTest.php::it unit: exposes expected pages" class="Tests\Unit\DocumentTemplateResourceTest" classname="Tests.Unit.DocumentTemplateResourceTest" assertions="5" time="0.657490"/>
        <testcase name="it unit: registers expected relations" file="tests\Unit\DocumentTemplateResourceTest.php::it unit: registers expected relations" class="Tests\Unit\DocumentTemplateResourceTest" classname="Tests.Unit.DocumentTemplateResourceTest" assertions="2" time="0.655450"/>
      </testsuite>
    </testsuite>
    <testsuite name="Feature" tests="20" assertions="50" errors="0" failures="0" skipped="0" time="19.541227">
      <testsuite name="Tests\Feature\DocumentTemplateResourceTest" file="Document Template Resource (Tests\Feature\DocumentTemplateResource)" tests="20" assertions="50" errors="0" failures="0" skipped="0" time="19.541227">
        <testcase name="Can list document templates" file="Document Template Resource (Tests\Feature\DocumentTemplateResource)::Can list document templates" class="Tests\Feature\DocumentTemplateResourceTest" classname="Tests.Feature.DocumentTemplateResourceTest" assertions="3" time="3.150361"/>
        <testcase name="Can create document template" file="Document Template Resource (Tests\Feature\DocumentTemplateResource)::Can create document template" class="Tests\Feature\DocumentTemplateResourceTest" classname="Tests.Feature.DocumentTemplateResourceTest" assertions="2" time="1.796265"/>
        <testcase name="Can edit document template" file="Document Template Resource (Tests\Feature\DocumentTemplateResource)::Can edit document template" class="Tests\Feature\DocumentTemplateResourceTest" classname="Tests.Feature.DocumentTemplateResourceTest" assertions="2" time="1.003346"/>
        <testcase name="Can view document template" file="Document Template Resource (Tests\Feature\DocumentTemplateResource)::Can view document template" class="Tests\Feature\DocumentTemplateResourceTest" classname="Tests.Feature.DocumentTemplateResourceTest" assertions="1" time="0.825621"/>
        <testcase name="Can delete document template" file="Document Template Resource (Tests\Feature\DocumentTemplateResource)::Can delete document template" class="Tests\Feature\DocumentTemplateResourceTest" classname="Tests.Feature.DocumentTemplateResourceTest" assertions="4" time="0.938100"/>
        <testcase name="Can filter templates by type" file="Document Template Resource (Tests\Feature\DocumentTemplateResource)::Can filter templates by type" class="Tests\Feature\DocumentTemplateResourceTest" classname="Tests.Feature.DocumentTemplateResourceTest" assertions="3" time="0.883353"/>
        <testcase name="Can filter templates by category" file="Document Template Resource (Tests\Feature\DocumentTemplateResource)::Can filter templates by category" class="Tests\Feature\DocumentTemplateResourceTest" classname="Tests.Feature.DocumentTemplateResourceTest" assertions="3" time="0.881241"/>
        <testcase name="Can filter templates by active status" file="Document Template Resource (Tests\Feature\DocumentTemplateResource)::Can filter templates by active status" class="Tests\Feature\DocumentTemplateResourceTest" classname="Tests.Feature.DocumentTemplateResourceTest" assertions="3" time="0.848208"/>
        <testcase name="Template form validation" file="Document Template Resource (Tests\Feature\DocumentTemplateResource)::Template form validation" class="Tests\Feature\DocumentTemplateResourceTest" classname="Tests.Feature.DocumentTemplateResourceTest" assertions="7" time="1.037374"/>
        <testcase name="Template slug auto generation" file="Document Template Resource (Tests\Feature\DocumentTemplateResource)::Template slug auto generation" class="Tests\Feature\DocumentTemplateResourceTest" classname="Tests.Feature.DocumentTemplateResourceTest" assertions="2" time="0.883596"/>
        <testcase name="Template has documents relationship" file="Document Template Resource (Tests\Feature\DocumentTemplateResource)::Template has documents relationship" class="Tests\Feature\DocumentTemplateResourceTest" classname="Tests.Feature.DocumentTemplateResourceTest" assertions="2" time="0.842648"/>
        <testcase name="Template scope by type" file="Document Template Resource (Tests\Feature\DocumentTemplateResource)::Template scope by type" class="Tests\Feature\DocumentTemplateResourceTest" classname="Tests.Feature.DocumentTemplateResourceTest" assertions="2" time="0.708652"/>
        <testcase name="Template scope by category" file="Document Template Resource (Tests\Feature\DocumentTemplateResource)::Template scope by category" class="Tests\Feature\DocumentTemplateResourceTest" classname="Tests.Feature.DocumentTemplateResourceTest" assertions="2" time="0.722641"/>
        <testcase name="Template scope active" file="Document Template Resource (Tests\Feature\DocumentTemplateResource)::Template scope active" class="Tests\Feature\DocumentTemplateResourceTest" classname="Tests.Feature.DocumentTemplateResourceTest" assertions="2" time="0.744633"/>
        <testcase name="Template render with variables" file="Document Template Resource (Tests\Feature\DocumentTemplateResource)::Template render with variables" class="Tests\Feature\DocumentTemplateResourceTest" classname="Tests.Feature.DocumentTemplateResourceTest" assertions="1" time="0.717482"/>
        <testcase name="Template get available variables" file="Document Template Resource (Tests\Feature\DocumentTemplateResource)::Template get available variables" class="Tests\Feature\DocumentTemplateResourceTest" classname="Tests.Feature.DocumentTemplateResourceTest" assertions="1" time="0.713923"/>
        <testcase name="Template has variable" file="Document Template Resource (Tests\Feature\DocumentTemplateResource)::Template has variable" class="Tests\Feature\DocumentTemplateResourceTest" classname="Tests.Feature.DocumentTemplateResourceTest" assertions="3" time="0.710724"/>
        <testcase name="Template get settings" file="Document Template Resource (Tests\Feature\DocumentTemplateResource)::Template get settings" class="Tests\Feature\DocumentTemplateResourceTest" classname="Tests.Feature.DocumentTemplateResourceTest" assertions="1" time="0.725932"/>
        <testcase name="Template get setting" file="Document Template Resource (Tests\Feature\DocumentTemplateResource)::Template get setting" class="Tests\Feature\DocumentTemplateResourceTest" classname="Tests.Feature.DocumentTemplateResourceTest" assertions="2" time="0.691687"/>
        <testcase name="Template get print settings" file="Document Template Resource (Tests\Feature\DocumentTemplateResource)::Template get print settings" class="Tests\Feature\DocumentTemplateResourceTest" classname="Tests.Feature.DocumentTemplateResourceTest" assertions="4" time="0.715441"/>
      </testsuite>
    </testsuite>
  </testsuite>
</testsuites>
