<?xml version="1.0" encoding="UTF-8"?>
<testsuites>
  <testsuite name="/workspace/statybaecommerse.prus.dev/phpunit.xml" tests="18" assertions="34" errors="0" failures="0" skipped="0" time="37.640996">
    <testsuite name="Feature" tests="18" assertions="34" errors="0" failures="0" skipped="0" time="37.640996">
      <testsuite name="Tests\Feature\SliderAnalyticsTest" file="Slider Analytics (Tests\Feature\SliderAnalytics)" tests="18" assertions="34" errors="0" failures="0" skipped="0" time="37.640996">
        <testcase name="Slider analytics navigation works" file="Slider Analytics (Tests\Feature\SliderAnalytics)::Slider analytics navigation works" class="Tests\Feature\SliderAnalyticsTest" classname="Tests.Feature.SliderAnalyticsTest" assertions="1" time="24.856131"/>
        <testcase name="Slider analytics page has correct title" file="Slider Analytics (Tests\Feature\SliderAnalytics)::Slider analytics page has correct title" class="Tests\Feature\SliderAnalyticsTest" classname="Tests.Feature.SliderAnalyticsTest" assertions="1" time="0.910296"/>
        <testcase name="Slider analytics shows click through rates" file="Slider Analytics (Tests\Feature\SliderAnalytics)::Slider analytics shows click through rates" class="Tests\Feature\SliderAnalyticsTest" classname="Tests.Feature.SliderAnalyticsTest" assertions="1" time="0.802374"/>
        <testcase name="Slider analytics shows performance chart" file="Slider Analytics (Tests\Feature\SliderAnalytics)::Slider analytics shows performance chart" class="Tests\Feature\SliderAnalyticsTest" classname="Tests.Feature.SliderAnalyticsTest" assertions="1" time="0.840979"/>
        <testcase name="Slider analytics shows top performing sliders" file="Slider Analytics (Tests\Feature\SliderAnalytics)::Slider analytics shows top performing sliders" class="Tests\Feature\SliderAnalyticsTest" classname="Tests.Feature.SliderAnalyticsTest" assertions="1" time="0.902694"/>
        <testcase name="Slider analytics has filter actions" file="Slider Analytics (Tests\Feature\SliderAnalytics)::Slider analytics has filter actions" class="Tests\Feature\SliderAnalyticsTest" classname="Tests.Feature.SliderAnalyticsTest" assertions="3" time="0.865570"/>
        <testcase name="Slider analytics shows engagement metrics" file="Slider Analytics (Tests\Feature\SliderAnalytics)::Slider analytics shows engagement metrics" class="Tests\Feature\SliderAnalyticsTest" classname="Tests.Feature.SliderAnalyticsTest" assertions="1" time="0.904673"/>
        <testcase name="Slider analytics shows views timeline" file="Slider Analytics (Tests\Feature\SliderAnalytics)::Slider analytics shows views timeline" class="Tests\Feature\SliderAnalyticsTest" classname="Tests.Feature.SliderAnalyticsTest" assertions="1" time="0.862834"/>
        <testcase name="Slider analytics shows overview stats" file="Slider Analytics (Tests\Feature\SliderAnalytics)::Slider analytics shows overview stats" class="Tests\Feature\SliderAnalyticsTest" classname="Tests.Feature.SliderAnalyticsTest" assertions="3" time="0.828598"/>
        <testcase name="Can access slider analytics page" file="Slider Analytics (Tests\Feature\SliderAnalytics)::Can access slider analytics page" class="Tests\Feature\SliderAnalyticsTest" classname="Tests.Feature.SliderAnalyticsTest" assertions="1" time="0.818434"/>
        <testcase name="Slider analytics shows comparison table" file="Slider Analytics (Tests\Feature\SliderAnalytics)::Slider analytics shows comparison table" class="Tests\Feature\SliderAnalyticsTest" classname="Tests.Feature.SliderAnalyticsTest" assertions="1" time="0.911409"/>
        <testcase name="Slider analytics shows recommendations" file="Slider Analytics (Tests\Feature\SliderAnalytics)::Slider analytics shows recommendations" class="Tests\Feature\SliderAnalyticsTest" classname="Tests.Feature.SliderAnalyticsTest" assertions="1" time="0.955431"/>
        <testcase name="Slider analytics has correct navigation icon" file="Slider Analytics (Tests\Feature\SliderAnalytics)::Slider analytics has correct navigation icon" class="Tests\Feature\SliderAnalyticsTest" classname="Tests.Feature.SliderAnalyticsTest" assertions="1" time="0.462260"/>
        <testcase name="Slider analytics has correct navigation sort" file="Slider Analytics (Tests\Feature\SliderAnalytics)::Slider analytics has correct navigation sort" class="Tests\Feature\SliderAnalyticsTest" classname="Tests.Feature.SliderAnalyticsTest" assertions="1" time="0.526689"/>
        <testcase name="Slider analytics has correct slug" file="Slider Analytics (Tests\Feature\SliderAnalytics)::Slider analytics has correct slug" class="Tests\Feature\SliderAnalyticsTest" classname="Tests.Feature.SliderAnalyticsTest" assertions="1" time="0.567422"/>
        <testcase name="Slider analytics widgets exist" file="Slider Analytics (Tests\Feature\SliderAnalytics)::Slider analytics widgets exist" class="Tests\Feature\SliderAnalyticsTest" classname="Tests.Feature.SliderAnalyticsTest" assertions="8" time="0.506913"/>
        <testcase name="Slider analytics page has correct properties" file="Slider Analytics (Tests\Feature\SliderAnalytics)::Slider analytics page has correct properties" class="Tests\Feature\SliderAnalyticsTest" classname="Tests.Feature.SliderAnalyticsTest" assertions="5" time="0.524690"/>
        <testcase name="Slider analytics requires authentication" file="Slider Analytics (Tests\Feature\SliderAnalytics)::Slider analytics requires authentication" class="Tests\Feature\SliderAnalyticsTest" classname="Tests.Feature.SliderAnalyticsTest" assertions="2" time="0.593600"/>
      </testsuite>
    </testsuite>
  </testsuite>
</testsuites>
