<?xml version="1.0" encoding="UTF-8"?>
<testsuites>
  <testsuite name="/www/wwwroot/statybaecommerse.prus.dev/phpunit.xml" tests="275" assertions="258" errors="9" failures="11" skipped="139" time="29.109614">
    <testsuite name="Unit" tests="79" assertions="145" errors="0" failures="0" skipped="9" time="4.992922">
      <testsuite name="Tests\Unit\CategoryTest" file="tests/Unit/CategoryTest.php" tests="1" assertions="1" errors="0" failures="0" skipped="0" time="2.715529">
        <testcase name="it flushCaches runs without error" file="tests/Unit/CategoryTest.php::it flushCaches runs without error" class="Tests\Unit\CategoryTest" classname="Tests.Unit.CategoryTest" assertions="1" time="2.715529"/>
      </testsuite>
      <testsuite name="Tests\Unit\ChannelTest" file="tests/Unit/ChannelTest.php" tests="1" assertions="1" errors="0" failures="0" skipped="0" time="0.027950">
        <testcase name="it channel model is instantiable" file="tests/Unit/ChannelTest.php::it channel model is instantiable" class="Tests\Unit\ChannelTest" classname="Tests.Unit.ChannelTest" assertions="1" time="0.027950"/>
      </testsuite>
      <testsuite name="Tests\Unit\CollectionTest" file="tests/Unit/CollectionTest.php" tests="1" assertions="1" errors="0" failures="0" skipped="0" time="0.025551">
        <testcase name="it flushCaches runs without error" file="tests/Unit/CollectionTest.php::it flushCaches runs without error" class="Tests\Unit\CollectionTest" classname="Tests.Unit.CollectionTest" assertions="1" time="0.025551"/>
      </testsuite>
      <testsuite name="Tests\Unit\CustomerGroupTest" file="tests/Unit/CustomerGroupTest.php" tests="1" assertions="1" errors="0" failures="0" skipped="0" time="0.090296">
        <testcase name="it has users belongsToMany relation" file="tests/Unit/CustomerGroupTest.php::it has users belongsToMany relation" class="Tests\Unit\CustomerGroupTest" classname="Tests.Unit.CustomerGroupTest" assertions="1" time="0.090296"/>
      </testsuite>
      <testsuite name="Tests\Unit\DiscountCodeTest" file="tests/Unit/DiscountCodeTest.php" tests="2" assertions="5" errors="0" failures="0" skipped="0" time="0.073382">
        <testcase name="it has discount and redemptions relations" file="tests/Unit/DiscountCodeTest.php::it has discount and redemptions relations" class="Tests\Unit\DiscountCodeTest" classname="Tests.Unit.DiscountCodeTest" assertions="2" time="0.048530"/>
        <testcase name="it validation helpers behave logically" file="tests/Unit/DiscountCodeTest.php::it validation helpers behave logically" class="Tests\Unit\DiscountCodeTest" classname="Tests.Unit.DiscountCodeTest" assertions="3" time="0.024852"/>
      </testsuite>
      <testsuite name="Tests\Unit\DiscountConditionTest" file="tests/Unit/DiscountConditionTest.php" tests="2" assertions="7" errors="0" failures="0" skipped="0" time="0.052633">
        <testcase name="it belongs to discount" file="tests/Unit/DiscountConditionTest.php::it belongs to discount" class="Tests\Unit\DiscountConditionTest" classname="Tests.Unit.DiscountConditionTest" assertions="1" time="0.027776"/>
        <testcase name="it matches operator logic" file="tests/Unit/DiscountConditionTest.php::it matches operator logic" class="Tests\Unit\DiscountConditionTest" classname="Tests.Unit.DiscountConditionTest" assertions="6" time="0.024857"/>
      </testsuite>
      <testsuite name="Tests\Unit\DiscountEngineTest" file="tests/Unit/DiscountEngineTest.php" tests="2" assertions="3" errors="0" failures="0" skipped="0" time="0.107801">
        <testcase name="it applies percentage cart discount with code" file="tests/Unit/DiscountEngineTest.php::it applies percentage cart discount with code" class="Tests\Unit\DiscountEngineTest" classname="Tests.Unit.DiscountEngineTest" assertions="1" time="0.059032"/>
        <testcase name="it respects first order only flag" file="tests/Unit/DiscountEngineTest.php::it respects first order only flag" class="Tests\Unit\DiscountEngineTest" classname="Tests.Unit.DiscountEngineTest" assertions="2" time="0.048770"/>
      </testsuite>
      <testsuite name="Tests\Unit\DiscountModelsTest" file="tests/Unit/DiscountModelsTest.php" tests="5" assertions="21" errors="0" failures="0" skipped="0" time="0.120119">
        <testcase name="it discount relations are defined" file="tests/Unit/DiscountModelsTest.php::it discount relations are defined" class="Tests\Unit\DiscountModelsTest" classname="Tests.Unit.DiscountModelsTest" assertions="4" time="0.028563"/>
        <testcase name="it discount validity respects status and dates" file="tests/Unit/DiscountModelsTest.php::it discount validity respects status and dates" class="Tests\Unit\DiscountModelsTest" classname="Tests.Unit.DiscountModelsTest" assertions="4" time="0.023339"/>
        <testcase name="it discount code validity and limits work" file="tests/Unit/DiscountModelsTest.php::it discount code validity and limits work" class="Tests\Unit\DiscountModelsTest" classname="Tests.Unit.DiscountModelsTest" assertions="5" time="0.023059"/>
        <testcase name="it discount condition operators behave correctly" file="tests/Unit/DiscountModelsTest.php::it discount condition operators behave correctly" class="Tests\Unit\DiscountModelsTest" classname="Tests.Unit.DiscountModelsTest" assertions="5" time="0.022501"/>
        <testcase name="it discount redemption scopes exist" file="tests/Unit/DiscountModelsTest.php::it discount redemption scopes exist" class="Tests\Unit\DiscountModelsTest" classname="Tests.Unit.DiscountModelsTest" assertions="3" time="0.022658"/>
      </testsuite>
      <testsuite name="Tests\Unit\DiscountRedemptionTest" file="tests/Unit/DiscountRedemptionTest.php" tests="1" assertions="3" errors="0" failures="0" skipped="0" time="0.029605">
        <testcase name="it has relationships to discount, code, and user" file="tests/Unit/DiscountRedemptionTest.php::it has relationships to discount, code, and user" class="Tests\Unit\DiscountRedemptionTest" classname="Tests.Unit.DiscountRedemptionTest" assertions="3" time="0.029605"/>
      </testsuite>
      <testsuite name="Tests\Unit\DiscountTest" file="tests/Unit/DiscountTest.php" tests="3" assertions="11" errors="0" failures="0" skipped="0" time="0.073212">
        <testcase name="it casts and fillable are configured" file="tests/Unit/DiscountTest.php::it casts and fillable are configured" class="Tests\Unit\DiscountTest" classname="Tests.Unit.DiscountTest" assertions="4" time="0.024569"/>
        <testcase name="it has relations: conditions, codes, redemptions, zone" file="tests/Unit/DiscountTest.php::it has relations: conditions, codes, redemptions, zone" class="Tests\Unit\DiscountTest" classname="Tests.Unit.DiscountTest" assertions="4" time="0.024568"/>
        <testcase name="it scopes behave syntactically" file="tests/Unit/DiscountTest.php::it scopes behave syntactically" class="Tests\Unit\DiscountTest" classname="Tests.Unit.DiscountTest" assertions="3" time="0.024074"/>
      </testsuite>
      <testsuite name="Tests\Unit\ExampleTest" file="Example (Tests\Unit\Example)" tests="1" assertions="1" errors="0" failures="0" skipped="0" time="0.004095">
        <testcase name="That true is true" file="Example (Tests\Unit\Example)::That true is true" class="Tests\Unit\ExampleTest" classname="Tests.Unit.ExampleTest" assertions="1" time="0.004095"/>
      </testsuite>
      <testsuite name="Tests\Unit\LegalTest" file="tests/Unit/LegalTest.php" tests="1" assertions="1" errors="0" failures="0" skipped="0" time="0.023494">
        <testcase name="it legal model is instantiable" file="tests/Unit/LegalTest.php::it legal model is instantiable" class="Tests\Unit\LegalTest" classname="Tests.Unit.LegalTest" assertions="1" time="0.023494"/>
      </testsuite>
      <testsuite name="Tests\Unit\Models\BrandTest" file="tests/Unit/Models/BrandTest.php" tests="1" assertions="1" errors="0" failures="0" skipped="0" time="0.024787">
        <testcase name="it instantiates Brand model" file="tests/Unit/Models/BrandTest.php::it instantiates Brand model" class="Tests\Unit\Models\BrandTest" classname="Tests.Unit.Models.BrandTest" assertions="1" time="0.024787"/>
      </testsuite>
      <testsuite name="Tests\Unit\Models\CategoryTest" file="tests/Unit/Models/CategoryTest.php" tests="1" assertions="1" errors="0" failures="0" skipped="0" time="0.024174">
        <testcase name="it instantiates Category model" file="tests/Unit/Models/CategoryTest.php::it instantiates Category model" class="Tests\Unit\Models\CategoryTest" classname="Tests.Unit.Models.CategoryTest" assertions="1" time="0.024174"/>
      </testsuite>
      <testsuite name="Tests\Unit\Models\ChannelTest" file="tests/Unit/Models/ChannelTest.php" tests="1" assertions="1" errors="0" failures="0" skipped="0" time="0.036943">
        <testcase name="it instantiates Channel model" file="tests/Unit/Models/ChannelTest.php::it instantiates Channel model" class="Tests\Unit\Models\ChannelTest" classname="Tests.Unit.Models.ChannelTest" assertions="1" time="0.036943"/>
      </testsuite>
      <testsuite name="Tests\Unit\Models\CollectionTest" file="tests/Unit/Models/CollectionTest.php" tests="1" assertions="1" errors="0" failures="0" skipped="0" time="0.024303">
        <testcase name="it instantiates Collection model" file="tests/Unit/Models/CollectionTest.php::it instantiates Collection model" class="Tests\Unit\Models\CollectionTest" classname="Tests.Unit.Models.CollectionTest" assertions="1" time="0.024303"/>
      </testsuite>
      <testsuite name="Tests\Unit\Models\CustomerGroupTest" file="tests/Unit/Models/CustomerGroupTest.php" tests="1" assertions="1" errors="0" failures="0" skipped="0" time="0.024151">
        <testcase name="it instantiates CustomerGroup model" file="tests/Unit/Models/CustomerGroupTest.php::it instantiates CustomerGroup model" class="Tests\Unit\Models\CustomerGroupTest" classname="Tests.Unit.Models.CustomerGroupTest" assertions="1" time="0.024151"/>
      </testsuite>
      <testsuite name="Tests\Unit\Models\DiscountsTest" file="tests/Unit/Models/DiscountsTest.php" tests="1" assertions="4" errors="0" failures="0" skipped="0" time="0.025462">
        <testcase name="it instantiates Discount models" file="tests/Unit/Models/DiscountsTest.php::it instantiates Discount models" class="Tests\Unit\Models\DiscountsTest" classname="Tests.Unit.Models.DiscountsTest" assertions="4" time="0.025462"/>
      </testsuite>
      <testsuite name="Tests\Unit\Models\LegalTest" file="tests/Unit/Models/LegalTest.php" tests="1" assertions="1" errors="0" failures="0" skipped="0" time="0.023881">
        <testcase name="it instantiates Legal model" file="tests/Unit/Models/LegalTest.php::it instantiates Legal model" class="Tests\Unit\Models\LegalTest" classname="Tests.Unit.Models.LegalTest" assertions="1" time="0.023881"/>
      </testsuite>
      <testsuite name="Tests\Unit\Models\OrderTest" file="tests/Unit/Models/OrderTest.php" tests="1" assertions="1" errors="0" failures="0" skipped="0" time="0.025183">
        <testcase name="it instantiates Order model" file="tests/Unit/Models/OrderTest.php::it instantiates Order model" class="Tests\Unit\Models\OrderTest" classname="Tests.Unit.Models.OrderTest" assertions="1" time="0.025183"/>
      </testsuite>
      <testsuite name="Tests\Unit\Models\PriceTest" file="tests/Unit/Models/PriceTest.php" tests="1" assertions="1" errors="0" failures="0" skipped="0" time="0.025303">
        <testcase name="it instantiates Price model" file="tests/Unit/Models/PriceTest.php::it instantiates Price model" class="Tests\Unit\Models\PriceTest" classname="Tests.Unit.Models.PriceTest" assertions="1" time="0.025303"/>
      </testsuite>
      <testsuite name="Tests\Unit\Models\ProductTest" file="tests/Unit/Models/ProductTest.php" tests="1" assertions="1" errors="0" failures="0" skipped="0" time="0.052738">
        <testcase name="it instantiates Product model" file="tests/Unit/Models/ProductTest.php::it instantiates Product model" class="Tests\Unit\Models\ProductTest" classname="Tests.Unit.Models.ProductTest" assertions="1" time="0.052738"/>
      </testsuite>
      <testsuite name="Tests\Unit\Models\ProductVariantTest" file="tests/Unit/Models/ProductVariantTest.php" tests="1" assertions="1" errors="0" failures="0" skipped="0" time="0.025453">
        <testcase name="it instantiates ProductVariant model" file="tests/Unit/Models/ProductVariantTest.php::it instantiates ProductVariant model" class="Tests\Unit\Models\ProductVariantTest" classname="Tests.Unit.Models.ProductVariantTest" assertions="1" time="0.025453"/>
      </testsuite>
      <testsuite name="Tests\Unit\Models\Translations\TranslationsModelsTest" file="tests/Unit/Models/Translations/TranslationsModelsTest.php" tests="1" assertions="7" errors="0" failures="0" skipped="0" time="0.031724">
        <testcase name="it instantiates translation models" file="tests/Unit/Models/Translations/TranslationsModelsTest.php::it instantiates translation models" class="Tests\Unit\Models\Translations\TranslationsModelsTest" classname="Tests.Unit.Models.Translations.TranslationsModelsTest" assertions="7" time="0.031724"/>
      </testsuite>
      <testsuite name="Tests\Unit\Models\UserTest" file="tests/Unit/Models/UserTest.php" tests="1" assertions="1" errors="0" failures="0" skipped="0" time="0.024395">
        <testcase name="it instantiates User model" file="tests/Unit/Models/UserTest.php::it instantiates User model" class="Tests\Unit\Models\UserTest" classname="Tests.Unit.Models.UserTest" assertions="1" time="0.024395"/>
      </testsuite>
      <testsuite name="Tests\Unit\Models\ZoneTest" file="tests/Unit/Models/ZoneTest.php" tests="1" assertions="1" errors="0" failures="0" skipped="0" time="0.030560">
        <testcase name="it instantiates Zone model" file="tests/Unit/Models/ZoneTest.php::it instantiates Zone model" class="Tests\Unit\Models\ZoneTest" classname="Tests.Unit.Models.ZoneTest" assertions="1" time="0.030560"/>
      </testsuite>
      <testsuite name="Tests\Unit\ModelsSmokeTest" file="tests/Unit/ModelsSmokeTest.php" tests="33" assertions="47" errors="0" failures="0" skipped="9" time="0.923773">
        <testsuite name="it model class exists and is an Eloquent model" tests="23" assertions="46" errors="0" failures="0" skipped="0" time="0.529926">
          <testcase name="it model class exists and is an Eloquent model with data set &quot;('App\Models\Product')&quot;" file="tests/Unit/ModelsSmokeTest.php::it model class exists and is an Eloquent model with data set &quot;('App\Models\Product')&quot;" class="Tests\Unit\ModelsSmokeTest" classname="Tests.Unit.ModelsSmokeTest" assertions="2" time="0.024446"/>
          <testcase name="it model class exists and is an Eloquent model with data set &quot;('App\Models\ProductVariant')&quot;" file="tests/Unit/ModelsSmokeTest.php::it model class exists and is an Eloquent model with data set &quot;('App\Models\ProductVariant')&quot;" class="Tests\Unit\ModelsSmokeTest" classname="Tests.Unit.ModelsSmokeTest" assertions="2" time="0.022903"/>
          <testcase name="it model class exists and is an Eloquent model with data set &quot;('App\Models\Brand')&quot;" file="tests/Unit/ModelsSmokeTest.php::it model class exists and is an Eloquent model with data set &quot;('App\Models\Brand')&quot;" class="Tests\Unit\ModelsSmokeTest" classname="Tests.Unit.ModelsSmokeTest" assertions="2" time="0.022364"/>
          <testcase name="it model class exists and is an Eloquent model with data set &quot;('App\Models\Price')&quot;" file="tests/Unit/ModelsSmokeTest.php::it model class exists and is an Eloquent model with data set &quot;('App\Models\Price')&quot;" class="Tests\Unit\ModelsSmokeTest" classname="Tests.Unit.ModelsSmokeTest" assertions="2" time="0.022364"/>
          <testcase name="it model class exists and is an Eloquent model with data set &quot;('App\Models\User')&quot;" file="tests/Unit/ModelsSmokeTest.php::it model class exists and is an Eloquent model with data set &quot;('App\Models\User')&quot;" class="Tests\Unit\ModelsSmokeTest" classname="Tests.Unit.ModelsSmokeTest" assertions="2" time="0.022476"/>
          <testcase name="it model class exists and is an Eloquent model with data set &quot;('App\Models\CustomerGroup')&quot;" file="tests/Unit/ModelsSmokeTest.php::it model class exists and is an Eloquent model with data set &quot;('App\Models\CustomerGroup')&quot;" class="Tests\Unit\ModelsSmokeTest" classname="Tests.Unit.ModelsSmokeTest" assertions="2" time="0.023075"/>
          <testcase name="it model class exists and is an Eloquent model with data set &quot;('App\Models\Order')&quot;" file="tests/Unit/ModelsSmokeTest.php::it model class exists and is an Eloquent model with data set &quot;('App\Models\Order')&quot;" class="Tests\Unit\ModelsSmokeTest" classname="Tests.Unit.ModelsSmokeTest" assertions="2" time="0.023035"/>
          <testcase name="it model class exists and is an Eloquent model with data set &quot;('App\Models\Zone')&quot;" file="tests/Unit/ModelsSmokeTest.php::it model class exists and is an Eloquent model with data set &quot;('App\Models\Zone')&quot;" class="Tests\Unit\ModelsSmokeTest" classname="Tests.Unit.ModelsSmokeTest" assertions="2" time="0.022528"/>
          <testcase name="it model class exists and is an Eloquent model with data set &quot;('App\Models\DiscountRedemption')&quot;" file="tests/Unit/ModelsSmokeTest.php::it model class exists and is an Eloquent model with data set &quot;('App\Models\DiscountRedemption')&quot;" class="Tests\Unit\ModelsSmokeTest" classname="Tests.Unit.ModelsSmokeTest" assertions="2" time="0.022838"/>
          <testcase name="it model class exists and is an Eloquent model with data set &quot;('App\Models\DiscountCode')&quot;" file="tests/Unit/ModelsSmokeTest.php::it model class exists and is an Eloquent model with data set &quot;('App\Models\DiscountCode')&quot;" class="Tests\Unit\ModelsSmokeTest" classname="Tests.Unit.ModelsSmokeTest" assertions="2" time="0.022835"/>
          <testcase name="it model class exists and is an Eloquent model with data set &quot;('App\Models\DiscountCondition')&quot;" file="tests/Unit/ModelsSmokeTest.php::it model class exists and is an Eloquent model with data set &quot;('App\Models\DiscountCondition')&quot;" class="Tests\Unit\ModelsSmokeTest" classname="Tests.Unit.ModelsSmokeTest" assertions="2" time="0.022932"/>
          <testcase name="it model class exists and is an Eloquent model with data set &quot;('App\Models\Discount')&quot;" file="tests/Unit/ModelsSmokeTest.php::it model class exists and is an Eloquent model with data set &quot;('App\Models\Discount')&quot;" class="Tests\Unit\ModelsSmokeTest" classname="Tests.Unit.ModelsSmokeTest" assertions="2" time="0.022316"/>
          <testcase name="it model class exists and is an Eloquent model with data set &quot;('App\Models\Legal')&quot;" file="tests/Unit/ModelsSmokeTest.php::it model class exists and is an Eloquent model with data set &quot;('App\Models\Legal')&quot;" class="Tests\Unit\ModelsSmokeTest" classname="Tests.Unit.ModelsSmokeTest" assertions="2" time="0.022284"/>
          <testcase name="it model class exists and is an Eloquent model with data set &quot;('App\Models\Translations\Legal…lation')&quot;" file="tests/Unit/ModelsSmokeTest.php::it model class exists and is an Eloquent model with data set &quot;('App\Models\Translations\Legal…lation')&quot;" class="Tests\Unit\ModelsSmokeTest" classname="Tests.Unit.ModelsSmokeTest" assertions="2" time="0.022544"/>
          <testcase name="it model class exists and is an Eloquent model with data set &quot;('App\Models\Translations\Attri…lation') #1&quot;" file="tests/Unit/ModelsSmokeTest.php::it model class exists and is an Eloquent model with data set &quot;('App\Models\Translations\Attri…lation') #1&quot;" class="Tests\Unit\ModelsSmokeTest" classname="Tests.Unit.ModelsSmokeTest" assertions="2" time="0.030628"/>
          <testcase name="it model class exists and is an Eloquent model with data set &quot;('App\Models\Translations\Attri…lation') #2&quot;" file="tests/Unit/ModelsSmokeTest.php::it model class exists and is an Eloquent model with data set &quot;('App\Models\Translations\Attri…lation') #2&quot;" class="Tests\Unit\ModelsSmokeTest" classname="Tests.Unit.ModelsSmokeTest" assertions="2" time="0.022621"/>
          <testcase name="it model class exists and is an Eloquent model with data set &quot;('App\Models\Translations\Brand…lation')&quot;" file="tests/Unit/ModelsSmokeTest.php::it model class exists and is an Eloquent model with data set &quot;('App\Models\Translations\Brand…lation')&quot;" class="Tests\Unit\ModelsSmokeTest" classname="Tests.Unit.ModelsSmokeTest" assertions="2" time="0.022717"/>
          <testcase name="it model class exists and is an Eloquent model with data set &quot;('App\Models\Translations\Colle…lation')&quot;" file="tests/Unit/ModelsSmokeTest.php::it model class exists and is an Eloquent model with data set &quot;('App\Models\Translations\Colle…lation')&quot;" class="Tests\Unit\ModelsSmokeTest" classname="Tests.Unit.ModelsSmokeTest" assertions="2" time="0.022566"/>
          <testcase name="it model class exists and is an Eloquent model with data set &quot;('App\Models\Translations\Categ…lation')&quot;" file="tests/Unit/ModelsSmokeTest.php::it model class exists and is an Eloquent model with data set &quot;('App\Models\Translations\Categ…lation')&quot;" class="Tests\Unit\ModelsSmokeTest" classname="Tests.Unit.ModelsSmokeTest" assertions="2" time="0.022890"/>
          <testcase name="it model class exists and is an Eloquent model with data set &quot;('App\Models\Translations\Produ…lation')&quot;" file="tests/Unit/ModelsSmokeTest.php::it model class exists and is an Eloquent model with data set &quot;('App\Models\Translations\Produ…lation')&quot;" class="Tests\Unit\ModelsSmokeTest" classname="Tests.Unit.ModelsSmokeTest" assertions="2" time="0.022479"/>
          <testcase name="it model class exists and is an Eloquent model with data set &quot;('App\Models\Collection')&quot;" file="tests/Unit/ModelsSmokeTest.php::it model class exists and is an Eloquent model with data set &quot;('App\Models\Collection')&quot;" class="Tests\Unit\ModelsSmokeTest" classname="Tests.Unit.ModelsSmokeTest" assertions="2" time="0.022384"/>
          <testcase name="it model class exists and is an Eloquent model with data set &quot;('App\Models\Channel')&quot;" file="tests/Unit/ModelsSmokeTest.php::it model class exists and is an Eloquent model with data set &quot;('App\Models\Channel')&quot;" class="Tests\Unit\ModelsSmokeTest" classname="Tests.Unit.ModelsSmokeTest" assertions="2" time="0.022289"/>
          <testcase name="it model class exists and is an Eloquent model with data set &quot;('App\Models\Category')&quot;" file="tests/Unit/ModelsSmokeTest.php::it model class exists and is an Eloquent model with data set &quot;('App\Models\Category')&quot;" class="Tests\Unit\ModelsSmokeTest" classname="Tests.Unit.ModelsSmokeTest" assertions="2" time="0.022412"/>
        </testsuite>
        <testsuite name="it can create records using model factories" tests="9" assertions="1" errors="0" failures="0" skipped="8" time="0.370725">
          <testcase name="it can create records using model factories with data set &quot;('App\Models\Brand')&quot;" file="tests/Unit/ModelsSmokeTest.php::it can create records using model factories with data set &quot;('App\Models\Brand')&quot;" class="Tests\Unit\ModelsSmokeTest" classname="Tests.Unit.ModelsSmokeTest" assertions="0" time="0.071028">
            <skipped/>
          </testcase>
          <testcase name="it can create records using model factories with data set &quot;('App\Models\Category')&quot;" file="tests/Unit/ModelsSmokeTest.php::it can create records using model factories with data set &quot;('App\Models\Category')&quot;" class="Tests\Unit\ModelsSmokeTest" classname="Tests.Unit.ModelsSmokeTest" assertions="0" time="0.100735">
            <skipped/>
          </testcase>
          <testcase name="it can create records using model factories with data set &quot;('App\Models\Collection')&quot;" file="tests/Unit/ModelsSmokeTest.php::it can create records using model factories with data set &quot;('App\Models\Collection')&quot;" class="Tests\Unit\ModelsSmokeTest" classname="Tests.Unit.ModelsSmokeTest" assertions="0" time="0.022916">
            <skipped/>
          </testcase>
          <testcase name="it can create records using model factories with data set &quot;('App\Models\Channel')&quot;" file="tests/Unit/ModelsSmokeTest.php::it can create records using model factories with data set &quot;('App\Models\Channel')&quot;" class="Tests\Unit\ModelsSmokeTest" classname="Tests.Unit.ModelsSmokeTest" assertions="0" time="0.023175">
            <skipped/>
          </testcase>
          <testcase name="it can create records using model factories with data set &quot;('App\Models\Legal')&quot;" file="tests/Unit/ModelsSmokeTest.php::it can create records using model factories with data set &quot;('App\Models\Legal')&quot;" class="Tests\Unit\ModelsSmokeTest" classname="Tests.Unit.ModelsSmokeTest" assertions="0" time="0.023572">
            <skipped/>
          </testcase>
          <testcase name="it can create records using model factories with data set &quot;('App\Models\Price')&quot;" file="tests/Unit/ModelsSmokeTest.php::it can create records using model factories with data set &quot;('App\Models\Price')&quot;" class="Tests\Unit\ModelsSmokeTest" classname="Tests.Unit.ModelsSmokeTest" assertions="0" time="0.023006">
            <skipped/>
          </testcase>
          <testcase name="it can create records using model factories with data set &quot;('App\Models\Product')&quot;" file="tests/Unit/ModelsSmokeTest.php::it can create records using model factories with data set &quot;('App\Models\Product')&quot;" class="Tests\Unit\ModelsSmokeTest" classname="Tests.Unit.ModelsSmokeTest" assertions="0" time="0.023237">
            <skipped/>
          </testcase>
          <testcase name="it can create records using model factories with data set &quot;('App\Models\ProductVariant')&quot;" file="tests/Unit/ModelsSmokeTest.php::it can create records using model factories with data set &quot;('App\Models\ProductVariant')&quot;" class="Tests\Unit\ModelsSmokeTest" classname="Tests.Unit.ModelsSmokeTest" assertions="0" time="0.023170">
            <skipped/>
          </testcase>
          <testcase name="it can create records using model factories with data set &quot;('App\Models\User')&quot;" file="tests/Unit/ModelsSmokeTest.php::it can create records using model factories with data set &quot;('App\Models\User')&quot;" class="Tests\Unit\ModelsSmokeTest" classname="Tests.Unit.ModelsSmokeTest" assertions="1" time="0.059886"/>
        </testsuite>
        <testcase name="it product isPublished reflects visibility and published_at correctly" file="tests/Unit/ModelsSmokeTest.php::it product isPublished reflects visibility and published_at correctly" class="Tests\Unit\ModelsSmokeTest" classname="Tests.Unit.ModelsSmokeTest" assertions="0" time="0.023122">
          <skipped/>
        </testcase>
      </testsuite>
      <testsuite name="Tests\Unit\OrderModelTest" file="tests/Unit/OrderModelTest.php" tests="1" assertions="1" errors="0" failures="0" skipped="0" time="0.060075">
        <testcase name="it order model extends base Shop order" file="tests/Unit/OrderModelTest.php::it order model extends base Shop order" class="Tests\Unit\OrderModelTest" classname="Tests.Unit.OrderModelTest" assertions="1" time="0.060075"/>
      </testsuite>
      <testsuite name="Tests\Unit\PriceTest" file="tests/Unit/PriceTest.php" tests="1" assertions="1" errors="0" failures="0" skipped="0" time="0.026577">
        <testcase name="it belongs to currency" file="tests/Unit/PriceTest.php::it belongs to currency" class="Tests\Unit\PriceTest" classname="Tests.Unit.PriceTest" assertions="1" time="0.026577"/>
      </testsuite>
      <testsuite name="Tests\Unit\ProductPublishedTest" file="tests/Unit/ProductPublishedTest.php" tests="1" assertions="4" errors="0" failures="0" skipped="0" time="0.024692">
        <testcase name="it determines published state correctly" file="tests/Unit/ProductPublishedTest.php::it determines published state correctly" class="Tests\Unit\ProductPublishedTest" classname="Tests.Unit.ProductPublishedTest" assertions="4" time="0.024692"/>
      </testsuite>
      <testsuite name="Tests\Unit\ProductTest" file="tests/Unit/ProductTest.php" tests="1" assertions="3" errors="0" failures="0" skipped="0" time="0.025602">
        <testcase name="it has variants relationship" file="tests/Unit/ProductTest.php::it has variants relationship" class="Tests\Unit\ProductTest" classname="Tests.Unit.ProductTest" assertions="3" time="0.025602"/>
      </testsuite>
      <testsuite name="Tests\Unit\ProductVariantTest" file="tests/Unit/ProductVariantTest.php" tests="1" assertions="2" errors="0" failures="0" skipped="0" time="0.029818">
        <testcase name="it has prices morphMany relation and helpers" file="tests/Unit/ProductVariantTest.php::it has prices morphMany relation and helpers" class="Tests\Unit\ProductVariantTest" classname="Tests.Unit.ProductVariantTest" assertions="2" time="0.029818"/>
      </testsuite>
      <testsuite name="Tests\Unit\RelationsTest" file="tests/Unit/RelationsTest.php" tests="2" assertions="3" errors="0" failures="0" skipped="0" time="0.050375">
        <testcase name="it product has brand and prices relations" file="tests/Unit/RelationsTest.php::it product has brand and prices relations" class="Tests\Unit\RelationsTest" classname="Tests.Unit.RelationsTest" assertions="2" time="0.026646"/>
        <testcase name="it price belongs to currency" file="tests/Unit/RelationsTest.php::it price belongs to currency" class="Tests\Unit\RelationsTest" classname="Tests.Unit.RelationsTest" assertions="1" time="0.023729"/>
      </testsuite>
      <testsuite name="Tests\Unit\UserPreferredLocaleTest" file="tests/Unit/UserPreferredLocaleTest.php" tests="2" assertions="2" errors="0" failures="0" skipped="0" time="0.059463">
        <testcase name="it returns null when preferred locale not set" file="tests/Unit/UserPreferredLocaleTest.php::it returns null when preferred locale not set" class="Tests\Unit\UserPreferredLocaleTest" classname="Tests.Unit.UserPreferredLocaleTest" assertions="1" time="0.026889"/>
        <testcase name="it returns preferred locale when set" file="tests/Unit/UserPreferredLocaleTest.php::it returns preferred locale when set" class="Tests\Unit\UserPreferredLocaleTest" classname="Tests.Unit.UserPreferredLocaleTest" assertions="1" time="0.032574"/>
      </testsuite>
      <testsuite name="Tests\Unit\ZoneTest" file="tests/Unit/ZoneTest.php" tests="2" assertions="3" errors="0" failures="0" skipped="0" time="0.049827">
        <testcase name="it has discounts relationship" file="tests/Unit/ZoneTest.php::it has discounts relationship" class="Tests\Unit\ZoneTest" classname="Tests.Unit.ZoneTest" assertions="2" time="0.026482"/>
        <testcase name="it casts is_enabled to boolean" file="tests/Unit/ZoneTest.php::it casts is_enabled to boolean" class="Tests\Unit\ZoneTest" classname="Tests.Unit.ZoneTest" assertions="1" time="0.023345"/>
      </testsuite>
    </testsuite>
    <testsuite name="Feature" tests="196" assertions="113" errors="9" failures="11" skipped="130" time="24.116692">
      <testsuite name="Tests\Feature\Admin\Categories\ImportFromDocsTest" file="tests/Feature/Admin/Categories/ImportFromDocsTest.php" tests="2" assertions="1" errors="1" failures="1" skipped="0" time="0.448607">
        <testcase name="it imports categories from docs via service" file="tests/Feature/Admin/Categories/ImportFromDocsTest.php::it imports categories from docs via service" class="Tests\Feature\Admin\Categories\ImportFromDocsTest" classname="Tests.Feature.Admin.Categories.ImportFromDocsTest" assertions="0" time="0.038831">
          <error type="Illuminate\Database\QueryException">it imports categories from docs via serviceIlluminate\Database\QueryException: SQLSTATE[HY000]: General error: 1 table sh_categories has no column named parent_id (Connection: sqlite, SQL: insert into "sh_categories" ("name", "slug", "parent_id", "position", "is_enabled", "updated_at", "created_at") values (Guides, guides, ?, 1, 1, 2025-09-02 14:48:54, 2025-09-02 14:48:54))
at vendor/laravel/framework/src/Illuminate/Database/Connection.php:564
at vendor/laravel/framework/src/Illuminate/Database/Connection.php:811
at vendor/laravel/framework/src/Illuminate/Database/Connection.php:778
at vendor/laravel/framework/src/Illuminate/Database/Connection.php:559
at vendor/laravel/framework/src/Illuminate/Database/Connection.php:523
at vendor/laravel/framework/src/Illuminate/Database/Query/Processors/Processor.php:32
at vendor/laravel/framework/src/Illuminate/Database/Query/Builder.php:3853
at vendor/laravel/framework/src/Illuminate/Database/Eloquent/Builder.php:2220
at vendor/laravel/framework/src/Illuminate/Database/Eloquent/Model.php:1434
at vendor/laravel/framework/src/Illuminate/Database/Eloquent/Model.php:1399
at vendor/laravel/framework/src/Illuminate/Database/Eloquent/Model.php:1238
at vendor/laravel/framework/src/Illuminate/Database/Eloquent/Builder.php:1204
at vendor/laravel/framework/src/Illuminate/Support/helpers.php:390
at vendor/laravel/framework/src/Illuminate/Database/Eloquent/Builder.php:1203
at app/Services/CategoryDocsImporter.php:44
at app/Services/CategoryDocsImporter.php:94
at tests/Feature/Admin/Categories/ImportFromDocsTest.php:20
Caused by
PDOException: SQLSTATE[HY000]: General error: 1 table sh_categories has no column named parent_id

at vendor/laravel/framework/src/Illuminate/Database/Connection.php:564
at vendor/laravel/framework/src/Illuminate/Database/Connection.php:811
at vendor/laravel/framework/src/Illuminate/Database/Connection.php:778
at vendor/laravel/framework/src/Illuminate/Database/Connection.php:559
at vendor/laravel/framework/src/Illuminate/Database/Connection.php:523
at vendor/laravel/framework/src/Illuminate/Database/Query/Processors/Processor.php:32
at vendor/laravel/framework/src/Illuminate/Database/Query/Builder.php:3853
at vendor/laravel/framework/src/Illuminate/Database/Eloquent/Builder.php:2220
at vendor/laravel/framework/src/Illuminate/Database/Eloquent/Model.php:1434
at vendor/laravel/framework/src/Illuminate/Database/Eloquent/Model.php:1399
at vendor/laravel/framework/src/Illuminate/Database/Eloquent/Model.php:1238
at vendor/laravel/framework/src/Illuminate/Database/Eloquent/Builder.php:1204
at vendor/laravel/framework/src/Illuminate/Support/helpers.php:390
at vendor/laravel/framework/src/Illuminate/Database/Eloquent/Builder.php:1203
at app/Services/CategoryDocsImporter.php:44
at app/Services/CategoryDocsImporter.php:94
at tests/Feature/Admin/Categories/ImportFromDocsTest.php:20</error>
        </testcase>
        <testcase name="it renders categories index with import action visible for authorized users" file="tests/Feature/Admin/Categories/ImportFromDocsTest.php::it renders categories index with import action visible for authorized users" class="Tests\Feature\Admin\Categories\ImportFromDocsTest" classname="Tests.Feature.Admin.Categories.ImportFromDocsTest" assertions="1" time="0.409777">
          <failure type="PHPUnit\Framework\ExpectationFailedException">it renders categories index with import action visible for authorized usersExpected response status code [200] but received 403.
Failed asserting that 403 is identical to 200.
at vendor/laravel/framework/src/Illuminate/Testing/TestResponseAssert.php:45
at vendor/laravel/framework/src/Illuminate/Testing/TestResponse.php:174
at vendor/laravel/framework/src/Illuminate/Testing/Concerns/AssertsStatusCodes.php:16
at vendor/livewire/livewire/src/Features/SupportTesting/Testable.php:398
at tests/Feature/Admin/Categories/ImportFromDocsTest.php:36</failure>
        </testcase>
      </testsuite>
      <testsuite name="Tests\Feature\Controllers\Admin\TranslationsUpdateTest" file="tests/Feature/Controllers/Admin/TranslationsUpdateTest.php" tests="3" assertions="3" errors="0" failures="3" skipped="0" time="1.289698">
        <testcase name="it updates brand translation" file="tests/Feature/Controllers/Admin/TranslationsUpdateTest.php::it updates brand translation" class="Tests\Feature\Controllers\Admin\TranslationsUpdateTest" classname="Tests.Feature.Controllers.Admin.TranslationsUpdateTest" assertions="1" time="0.610193">
          <failure type="PHPUnit\Framework\ExpectationFailedException">it updates brand translationExpected response status code [201, 301, 302, 303, 307, 308] but received 500.
Failed asserting that false is true.

The following exception occurred during the last request:

TypeError: App\Http\Controllers\Admin\BrandTranslationController::update(): Argument #2 ($id) must be of type int, string given, called in /www/wwwroot/statybaecommerse.prus.dev/vendor/laravel/framework/src/Illuminate/Routing/ControllerDispatcher.php on line 46 and defined in /www/wwwroot/statybaecommerse.prus.dev/app/Http/Controllers/Admin/BrandTranslationController.php:12
Stack trace:
#0 /www/wwwroot/statybaecommerse.prus.dev/vendor/laravel/framework/src/Illuminate/Routing/ControllerDispatcher.php(46): App\Http\Controllers\Admin\BrandTranslationController-&gt;update()
#1 /www/wwwroot/statybaecommerse.prus.dev/vendor/laravel/framework/src/Illuminate/Routing/Route.php(265): Illuminate\Routing\ControllerDispatcher-&gt;dispatch()
#2 /www/wwwroot/statybaecommerse.prus.dev/vendor/laravel/framework/src/Illuminate/Routing/Route.php(211): Illuminate\Routing\Route-&gt;runController()
#3 /www/wwwroot/statybaecommerse.prus.dev/vendor/laravel/framework/src/Illuminate/Routing/Router.php(822): Illuminate\Routing\Route-&gt;run()
#4 /www/wwwroot/statybaecommerse.prus.dev/vendor/laravel/framework/src/Illuminate/Pipeline/Pipeline.php(180): Illuminate\Routing\Router-&gt;Illuminate\Routing\{closure}()
#5 /www/wwwroot/statybaecommerse.prus.dev/vendor/barryvdh/laravel-debugbar/src/Middleware/InjectDebugbar.php(59): Illuminate\Pipeline\Pipeline-&gt;Illuminate\Pipeline\{closure}()
#6 /www/wwwroot/statybaecommerse.prus.dev/vendor/laravel/framework/src/Illuminate/Pipeline/Pipeline.php(219): Barryvdh\Debugbar\Middleware\InjectDebugbar-&gt;handle()
#7 /www/wwwroot/statybaecommerse.prus.dev/vendor/laravel/framework/src/Illuminate/Routing/Middleware/SubstituteBindings.php(50): Illuminate\Pipeline\Pipeline-&gt;Illuminate\Pipeline\{closure}()
#8 /www/wwwroot/statybaecommerse.prus.dev/vendor/laravel/framework/src/Illuminate/Pipeline/Pipeline.php(219): Illuminate\Routing\Middleware\SubstituteBindings-&gt;handle()
#9 /www/wwwroot/statybaecommerse.prus.dev/vendor/laravel/framework/src/Illuminate/Auth/Middleware/Authenticate.php(63): Illuminate\Pipeline\Pipeline-&gt;Illuminate\Pipeline\{closure}()
#10 /www/wwwroot/statybaecommerse.prus.dev/vendor/laravel/framework/src/Illuminate/Pipeline/Pipeline.php(219): Illuminate\Auth\Middleware\Authenticate-&gt;handle()
#11 /www/wwwroot/statybaecommerse.prus.dev/vendor/laravel/framework/src/Illuminate/Foundation/Http/Middleware/VerifyCsrfToken.php(87): Illuminate\Pipeline\Pipeline-&gt;Illuminate\Pipeline\{closure}()
#12 /www/wwwroot/statybaecommerse.prus.dev/vendor/laravel/framework/src/Illuminate/Pipeline/Pipeline.php(219): Illuminate\Foundation\Http\Middleware\VerifyCsrfToken-&gt;handle()
#13 /www/wwwroot/statybaecommerse.prus.dev/vendor/laravel/framework/src/Illuminate/View/Middleware/ShareErrorsFromSession.php(48): Illuminate\Pipeline\Pipeline-&gt;Illuminate\Pipeline\{closure}()
#14 /www/wwwroot/statybaecommerse.prus.dev/vendor/laravel/framework/src/Illuminate/Pipeline/Pipeline.php(219): Illuminate\View\Middleware\ShareErrorsFromSession-&gt;handle()
#15 /www/wwwroot/statybaecommerse.prus.dev/vendor/laravel/framework/src/Illuminate/Session/Middleware/StartSession.php(120): Illuminate\Pipeline\Pipeline-&gt;Illuminate\Pipeline\{closure}()
#16 /www/wwwroot/statybaecommerse.prus.dev/vendor/laravel/framework/src/Illuminate/Session/Middleware/StartSession.php(63): Illuminate\Session\Middleware\StartSession-&gt;handleStatefulRequest()
#17 /www/wwwroot/statybaecommerse.prus.dev/vendor/laravel/framework/src/Illuminate/Pipeline/Pipeline.php(219): Illuminate\Session\Middleware\StartSession-&gt;handle()
#18 /www/wwwroot/statybaecommerse.prus.dev/vendor/laravel/framework/src/Illuminate/Cookie/Middleware/AddQueuedCookiesToResponse.php(36): Illuminate\Pipeline\Pipeline-&gt;Illuminate\Pipeline\{closure}()
#19 /www/wwwroot/statybaecommerse.prus.dev/vendor/laravel/framework/src/Illuminate/Pipeline/Pipeline.php(219): Illuminate\Cookie\Middleware\AddQueuedCookiesToResponse-&gt;handle()
#20 /www/wwwroot/statybaecommerse.prus.dev/vendor/laravel/framework/src/Illuminate/Cookie/Middleware/EncryptCookies.php(74): Illuminate\Pipeline\Pipeline-&gt;Illuminate\Pipeline\{closure}()
#21 /www/wwwroot/statybaecommerse.prus.dev/vendor/laravel/framework/src/Illuminate/Pipeline/Pipeline.php(219): Illuminate\Cookie\Middleware\EncryptCookies-&gt;handle()
#22 /www/wwwroot/statybaecommerse.prus.dev/vendor/laravel/framework/src/Illuminate/Pipeline/Pipeline.php(137): Illuminate\Pipeline\Pipeline-&gt;Illuminate\Pipeline\{closure}()
#23 /www/wwwroot/statybaecommerse.prus.dev/vendor/laravel/framework/src/Illuminate/Routing/Router.php(821): Illuminate\Pipeline\Pipeline-&gt;then()
#24 /www/wwwroot/statybaecommerse.prus.dev/vendor/laravel/framework/src/Illuminate/Routing/Router.php(800): Illuminate\Routing\Router-&gt;runRouteWithinStack()
#25 /www/wwwroot/statybaecommerse.prus.dev/vendor/laravel/framework/src/Illuminate/Routing/Router.php(764): Illuminate\Routing\Router-&gt;runRoute()
#26 /www/wwwroot/statybaecommerse.prus.dev/vendor/laravel/framework/src/Illuminate/Routing/Router.php(753): Illuminate\Routing\Router-&gt;dispatchToRoute()
#27 /www/wwwroot/statybaecommerse.prus.dev/vendor/laravel/framework/src/Illuminate/Foundation/Http/Kernel.php(200): Illuminate\Routing\Router-&gt;dispatch()
#28 /www/wwwroot/statybaecommerse.prus.dev/vendor/laravel/framework/src/Illuminate/Pipeline/Pipeline.php(180): Illuminate\Foundation\Http\Kernel-&gt;Illuminate\Foundation\Http\{closure}()
#29 /www/wwwroot/statybaecommerse.prus.dev/vendor/livewire/livewire/src/Features/SupportDisablingBackButtonCache/DisableBackButtonCacheMiddleware.php(19): Illuminate\Pipeline\Pipeline-&gt;Illuminate\Pipeline\{closure}()
#30 /www/wwwroot/statybaecommerse.prus.dev/vendor/laravel/framework/src/Illuminate/Pipeline/Pipeline.php(219): Livewire\Features\SupportDisablingBackButtonCache\DisableBackButtonCacheMiddleware-&gt;handle()
#31 /www/wwwroot/statybaecommerse.prus.dev/vendor/barryvdh/laravel-debugbar/src/Middleware/InjectDebugbar.php(59): Illuminate\Pipeline\Pipeline-&gt;Illuminate\Pipeline\{closure}()
#32 /www/wwwroot/statybaecommerse.prus.dev/vendor/laravel/framework/src/Illuminate/Pipeline/Pipeline.php(219): Barryvdh\Debugbar\Middleware\InjectDebugbar-&gt;handle()
#33 /www/wwwroot/statybaecommerse.prus.dev/vendor/laravel/framework/src/Illuminate/Foundation/Testing/Concerns/MakesHttpRequests.php(202): Illuminate\Pipeline\Pipeline-&gt;Illuminate\Pipeline\{closure}()
#34 /www/wwwroot/statybaecommerse.prus.dev/vendor/laravel/framework/src/Illuminate/Pipeline/Pipeline.php(219): class@anonymous-&gt;handle()
#35 /www/wwwroot/statybaecommerse.prus.dev/vendor/laravel/framework/src/Illuminate/Foundation/Testing/Concerns/MakesHttpRequests.php(202): Illuminate\Pipeline\Pipeline-&gt;Illuminate\Pipeline\{closure}()
#36 /www/wwwroot/statybaecommerse.prus.dev/vendor/laravel/framework/src/Illuminate/Pipeline/Pipeline.php(219): class@anonymous-&gt;handle()
#37 /www/wwwroot/statybaecommerse.prus.dev/vendor/laravel/framework/src/Illuminate/Foundation/Http/Middleware/TransformsRequest.php(21): Illuminate\Pipeline\Pipeline-&gt;Illuminate\Pipeline\{closure}()
#38 /www/wwwroot/statybaecommerse.prus.dev/vendor/laravel/framework/src/Illuminate/Foundation/Http/Middleware/ConvertEmptyStringsToNull.php(31): Illuminate\Foundation\Http\Middleware\TransformsRequest-&gt;handle()
#39 /www/wwwroot/statybaecommerse.prus.dev/vendor/laravel/framework/src/Illuminate/Pipeline/Pipeline.php(219): Illuminate\Foundation\Http\Middleware\ConvertEmptyStringsToNull-&gt;handle()
#40 /www/wwwroot/statybaecommerse.prus.dev/vendor/laravel/framework/src/Illuminate/Foundation/Http/Middleware/TransformsRequest.php(21): Illuminate\Pipeline\Pipeline-&gt;Illuminate\Pipeline\{closure}()
#41 /www/wwwroot/statybaecommerse.prus.dev/vendor/laravel/framework/src/Illuminate/Foundation/Http/Middleware/TrimStrings.php(51): Illuminate\Foundation\Http\Middleware\TransformsRequest-&gt;handle()
#42 /www/wwwroot/statybaecommerse.prus.dev/vendor/laravel/framework/src/Illuminate/Pipeline/Pipeline.php(219): Illuminate\Foundation\Http\Middleware\TrimStrings-&gt;handle()
#43 /www/wwwroot/statybaecommerse.prus.dev/vendor/laravel/framework/src/Illuminate/Http/Middleware/ValidatePostSize.php(27): Illuminate\Pipeline\Pipeline-&gt;Illuminate\Pipeline\{closure}()
#44 /www/wwwroot/statybaecommerse.prus.dev/vendor/laravel/framework/src/Illuminate/Pipeline/Pipeline.php(219): Illuminate\Http\Middleware\ValidatePostSize-&gt;handle()
#45 /www/wwwroot/statybaecommerse.prus.dev/vendor/laravel/framework/src/Illuminate/Foundation/Http/Middleware/PreventRequestsDuringMaintenance.php(109): Illuminate\Pipeline\Pipeline-&gt;Illuminate\Pipeline\{closure}()
#46 /www/wwwroot/statybaecommerse.prus.dev/vendor/laravel/framework/src/Illuminate/Pipeline/Pipeline.php(219): Illuminate\Foundation\Http\Middleware\PreventRequestsDuringMaintenance-&gt;handle()
#47 /www/wwwroot/statybaecommerse.prus.dev/vendor/laravel/framework/src/Illuminate/Http/Middleware/HandleCors.php(48): Illuminate\Pipeline\Pipeline-&gt;Illuminate\Pipeline\{closure}()
#48 /www/wwwroot/statybaecommerse.prus.dev/vendor/laravel/framework/src/Illuminate/Pipeline/Pipeline.php(219): Illuminate\Http\Middleware\HandleCors-&gt;handle()
#49 /www/wwwroot/statybaecommerse.prus.dev/vendor/laravel/framework/src/Illuminate/Http/Middleware/TrustProxies.php(58): Illuminate\Pipeline\Pipeline-&gt;Illuminate\Pipeline\{closure}()
#50 /www/wwwroot/statybaecommerse.prus.dev/vendor/laravel/framework/src/Illuminate/Pipeline/Pipeline.php(219): Illuminate\Http\Middleware\TrustProxies-&gt;handle()
#51 /www/wwwroot/statybaecommerse.prus.dev/vendor/laravel/framework/src/Illuminate/Foundation/Http/Middleware/InvokeDeferredCallbacks.php(22): Illuminate\Pipeline\Pipeline-&gt;Illuminate\Pipeline\{closure}()
#52 /www/wwwroot/statybaecommerse.prus.dev/vendor/laravel/framework/src/Illuminate/Pipeline/Pipeline.php(219): Illuminate\Foundation\Http\Middleware\InvokeDeferredCallbacks-&gt;handle()
#53 /www/wwwroot/statybaecommerse.prus.dev/vendor/laravel/framework/src/Illuminate/Http/Middleware/ValidatePathEncoding.php(26): Illuminate\Pipeline\Pipeline-&gt;Illuminate\Pipeline\{closure}()
#54 /www/wwwroot/statybaecommerse.prus.dev/vendor/laravel/framework/src/Illuminate/Pipeline/Pipeline.php(219): Illuminate\Http\Middleware\ValidatePathEncoding-&gt;handle()
#55 /www/wwwroot/statybaecommerse.prus.dev/vendor/laravel/framework/src/Illuminate/Pipeline/Pipeline.php(137): Illuminate\Pipeline\Pipeline-&gt;Illuminate\Pipeline\{closure}()
#56 /www/wwwroot/statybaecommerse.prus.dev/vendor/laravel/framework/src/Illuminate/Foundation/Http/Kernel.php(175): Illuminate\Pipeline\Pipeline-&gt;then()
#57 /www/wwwroot/statybaecommerse.prus.dev/vendor/laravel/framework/src/Illuminate/Foundation/Http/Kernel.php(144): Illuminate\Foundation\Http\Kernel-&gt;sendRequestThroughRouter()
#58 /www/wwwroot/statybaecommerse.prus.dev/vendor/laravel/framework/src/Illuminate/Foundation/Testing/Concerns/MakesHttpRequests.php(607): Illuminate\Foundation\Http\Kernel-&gt;handle()
#59 /www/wwwroot/statybaecommerse.prus.dev/vendor/laravel/framework/src/Illuminate/Foundation/Testing/Concerns/MakesHttpRequests.php(427): Illuminate\Foundation\Testing\TestCase-&gt;call()
#60 /www/wwwroot/statybaecommerse.prus.dev/tests/Feature/Controllers/Admin/TranslationsUpdateTest.php(17): Illuminate\Foundation\Testing\TestCase-&gt;put()
#61 /www/wwwroot/statybaecommerse.prus.dev/vendor/pestphp/pest/src/Factories/TestCaseMethodFactory.php(168): P\Tests\Feature\Controllers\Admin\TranslationsUpdateTest-&gt;{closure}()
#62 [internal function]: P\Tests\Feature\Controllers\Admin\TranslationsUpdateTest-&gt;Pest\Factories\{closure}()
#63 /www/wwwroot/statybaecommerse.prus.dev/vendor/pestphp/pest/src/Concerns/Testable.php(419): call_user_func_array()
#64 /www/wwwroot/statybaecommerse.prus.dev/vendor/pestphp/pest/src/Support/ExceptionTrace.php(26): P\Tests\Feature\Controllers\Admin\TranslationsUpdateTest-&gt;Pest\Concerns\{closure}()
#65 /www/wwwroot/statybaecommerse.prus.dev/vendor/pestphp/pest/src/Concerns/Testable.php(419): Pest\Support\ExceptionTrace::ensure()
#66 /www/wwwroot/statybaecommerse.prus.dev/vendor/pestphp/pest/src/Concerns/Testable.php(321): P\Tests\Feature\Controllers\Admin\TranslationsUpdateTest-&gt;__callClosure()
#67 /www/wwwroot/statybaecommerse.prus.dev/vendor/pestphp/pest/src/Factories/TestCaseFactory.php(169) : eval()'d code(17): P\Tests\Feature\Controllers\Admin\TranslationsUpdateTest-&gt;__runTest()
#68 /www/wwwroot/statybaecommerse.prus.dev/vendor/phpunit/phpunit/src/Framework/TestCase.php(1656): P\Tests\Feature\Controllers\Admin\TranslationsUpdateTest-&gt;__pest_evaluable_it_updates_brand_translation()
#69 /www/wwwroot/statybaecommerse.prus.dev/vendor/phpunit/phpunit/src/Framework/TestCase.php(514): PHPUnit\Framework\TestCase-&gt;runTest()
#70 /www/wwwroot/statybaecommerse.prus.dev/vendor/phpunit/phpunit/src/Framework/TestRunner/TestRunner.php(87): PHPUnit\Framework\TestCase-&gt;runBare()
#71 /www/wwwroot/statybaecommerse.prus.dev/vendor/phpunit/phpunit/src/Framework/TestCase.php(361): PHPUnit\Framework\TestRunner-&gt;run()
#72 /www/wwwroot/statybaecommerse.prus.dev/vendor/phpunit/phpunit/src/Framework/TestSuite.php(369): PHPUnit\Framework\TestCase-&gt;run()
#73 /www/wwwroot/statybaecommerse.prus.dev/vendor/phpunit/phpunit/src/Framework/TestSuite.php(369): PHPUnit\Framework\TestSuite-&gt;run()
#74 /www/wwwroot/statybaecommerse.prus.dev/vendor/phpunit/phpunit/src/Framework/TestSuite.php(369): PHPUnit\Framework\TestSuite-&gt;run()
#75 /www/wwwroot/statybaecommerse.prus.dev/vendor/phpunit/phpunit/src/TextUI/TestRunner.php(64): PHPUnit\Framework\TestSuite-&gt;run()
#76 /www/wwwroot/statybaecommerse.prus.dev/vendor/phpunit/phpunit/src/TextUI/Application.php(211): PHPUnit\TextUI\TestRunner-&gt;run()
#77 /www/wwwroot/statybaecommerse.prus.dev/vendor/pestphp/pest/src/Kernel.php(103): PHPUnit\TextUI\Application-&gt;run()
#78 /www/wwwroot/statybaecommerse.prus.dev/vendor/pestphp/pest/bin/pest(184): Pest\Kernel-&gt;handle()
#79 /www/wwwroot/statybaecommerse.prus.dev/vendor/pestphp/pest/bin/pest(192): {closure}()
#80 /www/wwwroot/statybaecommerse.prus.dev/vendor/bin/pest(119): include('...')
#81 {main}

----------------------------------------------------------------------------------

App\Http\Controllers\Admin\BrandTranslationController::update(): Argument #2 ($id) must be of type int, string given, called in /www/wwwroot/statybaecommerse.prus.dev/vendor/laravel/framework/src/Illuminate/Routing/ControllerDispatcher.php on line 46

at vendor/laravel/framework/src/Illuminate/Testing/TestResponseAssert.php:45
at vendor/laravel/framework/src/Illuminate/Testing/TestResponse.php:199
at tests/Feature/Controllers/Admin/TranslationsUpdateTest.php:18</failure>
        </testcase>
        <testcase name="it updates category translation" file="tests/Feature/Controllers/Admin/TranslationsUpdateTest.php::it updates category translation" class="Tests\Feature\Controllers\Admin\TranslationsUpdateTest" classname="Tests.Feature.Controllers.Admin.TranslationsUpdateTest" assertions="1" time="0.339358">
          <failure type="PHPUnit\Framework\ExpectationFailedException">it updates category translationExpected response status code [201, 301, 302, 303, 307, 308] but received 500.
Failed asserting that false is true.

The following exception occurred during the last request:

TypeError: App\Http\Controllers\Admin\CategoryTranslationController::update(): Argument #2 ($id) must be of type int, string given, called in /www/wwwroot/statybaecommerse.prus.dev/vendor/laravel/framework/src/Illuminate/Routing/ControllerDispatcher.php on line 46 and defined in /www/wwwroot/statybaecommerse.prus.dev/app/Http/Controllers/Admin/CategoryTranslationController.php:13
Stack trace:
#0 /www/wwwroot/statybaecommerse.prus.dev/vendor/laravel/framework/src/Illuminate/Routing/ControllerDispatcher.php(46): App\Http\Controllers\Admin\CategoryTranslationController-&gt;update()
#1 /www/wwwroot/statybaecommerse.prus.dev/vendor/laravel/framework/src/Illuminate/Routing/Route.php(265): Illuminate\Routing\ControllerDispatcher-&gt;dispatch()
#2 /www/wwwroot/statybaecommerse.prus.dev/vendor/laravel/framework/src/Illuminate/Routing/Route.php(211): Illuminate\Routing\Route-&gt;runController()
#3 /www/wwwroot/statybaecommerse.prus.dev/vendor/laravel/framework/src/Illuminate/Routing/Router.php(822): Illuminate\Routing\Route-&gt;run()
#4 /www/wwwroot/statybaecommerse.prus.dev/vendor/laravel/framework/src/Illuminate/Pipeline/Pipeline.php(180): Illuminate\Routing\Router-&gt;Illuminate\Routing\{closure}()
#5 /www/wwwroot/statybaecommerse.prus.dev/vendor/barryvdh/laravel-debugbar/src/Middleware/InjectDebugbar.php(59): Illuminate\Pipeline\Pipeline-&gt;Illuminate\Pipeline\{closure}()
#6 /www/wwwroot/statybaecommerse.prus.dev/vendor/laravel/framework/src/Illuminate/Pipeline/Pipeline.php(219): Barryvdh\Debugbar\Middleware\InjectDebugbar-&gt;handle()
#7 /www/wwwroot/statybaecommerse.prus.dev/vendor/laravel/framework/src/Illuminate/Routing/Middleware/SubstituteBindings.php(50): Illuminate\Pipeline\Pipeline-&gt;Illuminate\Pipeline\{closure}()
#8 /www/wwwroot/statybaecommerse.prus.dev/vendor/laravel/framework/src/Illuminate/Pipeline/Pipeline.php(219): Illuminate\Routing\Middleware\SubstituteBindings-&gt;handle()
#9 /www/wwwroot/statybaecommerse.prus.dev/vendor/laravel/framework/src/Illuminate/Auth/Middleware/Authenticate.php(63): Illuminate\Pipeline\Pipeline-&gt;Illuminate\Pipeline\{closure}()
#10 /www/wwwroot/statybaecommerse.prus.dev/vendor/laravel/framework/src/Illuminate/Pipeline/Pipeline.php(219): Illuminate\Auth\Middleware\Authenticate-&gt;handle()
#11 /www/wwwroot/statybaecommerse.prus.dev/vendor/laravel/framework/src/Illuminate/Foundation/Http/Middleware/VerifyCsrfToken.php(87): Illuminate\Pipeline\Pipeline-&gt;Illuminate\Pipeline\{closure}()
#12 /www/wwwroot/statybaecommerse.prus.dev/vendor/laravel/framework/src/Illuminate/Pipeline/Pipeline.php(219): Illuminate\Foundation\Http\Middleware\VerifyCsrfToken-&gt;handle()
#13 /www/wwwroot/statybaecommerse.prus.dev/vendor/laravel/framework/src/Illuminate/View/Middleware/ShareErrorsFromSession.php(48): Illuminate\Pipeline\Pipeline-&gt;Illuminate\Pipeline\{closure}()
#14 /www/wwwroot/statybaecommerse.prus.dev/vendor/laravel/framework/src/Illuminate/Pipeline/Pipeline.php(219): Illuminate\View\Middleware\ShareErrorsFromSession-&gt;handle()
#15 /www/wwwroot/statybaecommerse.prus.dev/vendor/laravel/framework/src/Illuminate/Session/Middleware/StartSession.php(120): Illuminate\Pipeline\Pipeline-&gt;Illuminate\Pipeline\{closure}()
#16 /www/wwwroot/statybaecommerse.prus.dev/vendor/laravel/framework/src/Illuminate/Session/Middleware/StartSession.php(63): Illuminate\Session\Middleware\StartSession-&gt;handleStatefulRequest()
#17 /www/wwwroot/statybaecommerse.prus.dev/vendor/laravel/framework/src/Illuminate/Pipeline/Pipeline.php(219): Illuminate\Session\Middleware\StartSession-&gt;handle()
#18 /www/wwwroot/statybaecommerse.prus.dev/vendor/laravel/framework/src/Illuminate/Cookie/Middleware/AddQueuedCookiesToResponse.php(36): Illuminate\Pipeline\Pipeline-&gt;Illuminate\Pipeline\{closure}()
#19 /www/wwwroot/statybaecommerse.prus.dev/vendor/laravel/framework/src/Illuminate/Pipeline/Pipeline.php(219): Illuminate\Cookie\Middleware\AddQueuedCookiesToResponse-&gt;handle()
#20 /www/wwwroot/statybaecommerse.prus.dev/vendor/laravel/framework/src/Illuminate/Cookie/Middleware/EncryptCookies.php(74): Illuminate\Pipeline\Pipeline-&gt;Illuminate\Pipeline\{closure}()
#21 /www/wwwroot/statybaecommerse.prus.dev/vendor/laravel/framework/src/Illuminate/Pipeline/Pipeline.php(219): Illuminate\Cookie\Middleware\EncryptCookies-&gt;handle()
#22 /www/wwwroot/statybaecommerse.prus.dev/vendor/laravel/framework/src/Illuminate/Pipeline/Pipeline.php(137): Illuminate\Pipeline\Pipeline-&gt;Illuminate\Pipeline\{closure}()
#23 /www/wwwroot/statybaecommerse.prus.dev/vendor/laravel/framework/src/Illuminate/Routing/Router.php(821): Illuminate\Pipeline\Pipeline-&gt;then()
#24 /www/wwwroot/statybaecommerse.prus.dev/vendor/laravel/framework/src/Illuminate/Routing/Router.php(800): Illuminate\Routing\Router-&gt;runRouteWithinStack()
#25 /www/wwwroot/statybaecommerse.prus.dev/vendor/laravel/framework/src/Illuminate/Routing/Router.php(764): Illuminate\Routing\Router-&gt;runRoute()
#26 /www/wwwroot/statybaecommerse.prus.dev/vendor/laravel/framework/src/Illuminate/Routing/Router.php(753): Illuminate\Routing\Router-&gt;dispatchToRoute()
#27 /www/wwwroot/statybaecommerse.prus.dev/vendor/laravel/framework/src/Illuminate/Foundation/Http/Kernel.php(200): Illuminate\Routing\Router-&gt;dispatch()
#28 /www/wwwroot/statybaecommerse.prus.dev/vendor/laravel/framework/src/Illuminate/Pipeline/Pipeline.php(180): Illuminate\Foundation\Http\Kernel-&gt;Illuminate\Foundation\Http\{closure}()
#29 /www/wwwroot/statybaecommerse.prus.dev/vendor/livewire/livewire/src/Features/SupportDisablingBackButtonCache/DisableBackButtonCacheMiddleware.php(19): Illuminate\Pipeline\Pipeline-&gt;Illuminate\Pipeline\{closure}()
#30 /www/wwwroot/statybaecommerse.prus.dev/vendor/laravel/framework/src/Illuminate/Pipeline/Pipeline.php(219): Livewire\Features\SupportDisablingBackButtonCache\DisableBackButtonCacheMiddleware-&gt;handle()
#31 /www/wwwroot/statybaecommerse.prus.dev/vendor/barryvdh/laravel-debugbar/src/Middleware/InjectDebugbar.php(59): Illuminate\Pipeline\Pipeline-&gt;Illuminate\Pipeline\{closure}()
#32 /www/wwwroot/statybaecommerse.prus.dev/vendor/laravel/framework/src/Illuminate/Pipeline/Pipeline.php(219): Barryvdh\Debugbar\Middleware\InjectDebugbar-&gt;handle()
#33 /www/wwwroot/statybaecommerse.prus.dev/vendor/laravel/framework/src/Illuminate/Foundation/Testing/Concerns/MakesHttpRequests.php(202): Illuminate\Pipeline\Pipeline-&gt;Illuminate\Pipeline\{closure}()
#34 /www/wwwroot/statybaecommerse.prus.dev/vendor/laravel/framework/src/Illuminate/Pipeline/Pipeline.php(219): class@anonymous-&gt;handle()
#35 /www/wwwroot/statybaecommerse.prus.dev/vendor/laravel/framework/src/Illuminate/Foundation/Testing/Concerns/MakesHttpRequests.php(202): Illuminate\Pipeline\Pipeline-&gt;Illuminate\Pipeline\{closure}()
#36 /www/wwwroot/statybaecommerse.prus.dev/vendor/laravel/framework/src/Illuminate/Pipeline/Pipeline.php(219): class@anonymous-&gt;handle()
#37 /www/wwwroot/statybaecommerse.prus.dev/vendor/laravel/framework/src/Illuminate/Foundation/Http/Middleware/TransformsRequest.php(21): Illuminate\Pipeline\Pipeline-&gt;Illuminate\Pipeline\{closure}()
#38 /www/wwwroot/statybaecommerse.prus.dev/vendor/laravel/framework/src/Illuminate/Foundation/Http/Middleware/ConvertEmptyStringsToNull.php(31): Illuminate\Foundation\Http\Middleware\TransformsRequest-&gt;handle()
#39 /www/wwwroot/statybaecommerse.prus.dev/vendor/laravel/framework/src/Illuminate/Pipeline/Pipeline.php(219): Illuminate\Foundation\Http\Middleware\ConvertEmptyStringsToNull-&gt;handle()
#40 /www/wwwroot/statybaecommerse.prus.dev/vendor/laravel/framework/src/Illuminate/Foundation/Http/Middleware/TransformsRequest.php(21): Illuminate\Pipeline\Pipeline-&gt;Illuminate\Pipeline\{closure}()
#41 /www/wwwroot/statybaecommerse.prus.dev/vendor/laravel/framework/src/Illuminate/Foundation/Http/Middleware/TrimStrings.php(51): Illuminate\Foundation\Http\Middleware\TransformsRequest-&gt;handle()
#42 /www/wwwroot/statybaecommerse.prus.dev/vendor/laravel/framework/src/Illuminate/Pipeline/Pipeline.php(219): Illuminate\Foundation\Http\Middleware\TrimStrings-&gt;handle()
#43 /www/wwwroot/statybaecommerse.prus.dev/vendor/laravel/framework/src/Illuminate/Http/Middleware/ValidatePostSize.php(27): Illuminate\Pipeline\Pipeline-&gt;Illuminate\Pipeline\{closure}()
#44 /www/wwwroot/statybaecommerse.prus.dev/vendor/laravel/framework/src/Illuminate/Pipeline/Pipeline.php(219): Illuminate\Http\Middleware\ValidatePostSize-&gt;handle()
#45 /www/wwwroot/statybaecommerse.prus.dev/vendor/laravel/framework/src/Illuminate/Foundation/Http/Middleware/PreventRequestsDuringMaintenance.php(109): Illuminate\Pipeline\Pipeline-&gt;Illuminate\Pipeline\{closure}()
#46 /www/wwwroot/statybaecommerse.prus.dev/vendor/laravel/framework/src/Illuminate/Pipeline/Pipeline.php(219): Illuminate\Foundation\Http\Middleware\PreventRequestsDuringMaintenance-&gt;handle()
#47 /www/wwwroot/statybaecommerse.prus.dev/vendor/laravel/framework/src/Illuminate/Http/Middleware/HandleCors.php(48): Illuminate\Pipeline\Pipeline-&gt;Illuminate\Pipeline\{closure}()
#48 /www/wwwroot/statybaecommerse.prus.dev/vendor/laravel/framework/src/Illuminate/Pipeline/Pipeline.php(219): Illuminate\Http\Middleware\HandleCors-&gt;handle()
#49 /www/wwwroot/statybaecommerse.prus.dev/vendor/laravel/framework/src/Illuminate/Http/Middleware/TrustProxies.php(58): Illuminate\Pipeline\Pipeline-&gt;Illuminate\Pipeline\{closure}()
#50 /www/wwwroot/statybaecommerse.prus.dev/vendor/laravel/framework/src/Illuminate/Pipeline/Pipeline.php(219): Illuminate\Http\Middleware\TrustProxies-&gt;handle()
#51 /www/wwwroot/statybaecommerse.prus.dev/vendor/laravel/framework/src/Illuminate/Foundation/Http/Middleware/InvokeDeferredCallbacks.php(22): Illuminate\Pipeline\Pipeline-&gt;Illuminate\Pipeline\{closure}()
#52 /www/wwwroot/statybaecommerse.prus.dev/vendor/laravel/framework/src/Illuminate/Pipeline/Pipeline.php(219): Illuminate\Foundation\Http\Middleware\InvokeDeferredCallbacks-&gt;handle()
#53 /www/wwwroot/statybaecommerse.prus.dev/vendor/laravel/framework/src/Illuminate/Http/Middleware/ValidatePathEncoding.php(26): Illuminate\Pipeline\Pipeline-&gt;Illuminate\Pipeline\{closure}()
#54 /www/wwwroot/statybaecommerse.prus.dev/vendor/laravel/framework/src/Illuminate/Pipeline/Pipeline.php(219): Illuminate\Http\Middleware\ValidatePathEncoding-&gt;handle()
#55 /www/wwwroot/statybaecommerse.prus.dev/vendor/laravel/framework/src/Illuminate/Pipeline/Pipeline.php(137): Illuminate\Pipeline\Pipeline-&gt;Illuminate\Pipeline\{closure}()
#56 /www/wwwroot/statybaecommerse.prus.dev/vendor/laravel/framework/src/Illuminate/Foundation/Http/Kernel.php(175): Illuminate\Pipeline\Pipeline-&gt;then()
#57 /www/wwwroot/statybaecommerse.prus.dev/vendor/laravel/framework/src/Illuminate/Foundation/Http/Kernel.php(144): Illuminate\Foundation\Http\Kernel-&gt;sendRequestThroughRouter()
#58 /www/wwwroot/statybaecommerse.prus.dev/vendor/laravel/framework/src/Illuminate/Foundation/Testing/Concerns/MakesHttpRequests.php(607): Illuminate\Foundation\Http\Kernel-&gt;handle()
#59 /www/wwwroot/statybaecommerse.prus.dev/vendor/laravel/framework/src/Illuminate/Foundation/Testing/Concerns/MakesHttpRequests.php(427): Illuminate\Foundation\Testing\TestCase-&gt;call()
#60 /www/wwwroot/statybaecommerse.prus.dev/tests/Feature/Controllers/Admin/TranslationsUpdateTest.php(30): Illuminate\Foundation\Testing\TestCase-&gt;put()
#61 /www/wwwroot/statybaecommerse.prus.dev/vendor/pestphp/pest/src/Factories/TestCaseMethodFactory.php(168): P\Tests\Feature\Controllers\Admin\TranslationsUpdateTest-&gt;{closure}()
#62 [internal function]: P\Tests\Feature\Controllers\Admin\TranslationsUpdateTest-&gt;Pest\Factories\{closure}()
#63 /www/wwwroot/statybaecommerse.prus.dev/vendor/pestphp/pest/src/Concerns/Testable.php(419): call_user_func_array()
#64 /www/wwwroot/statybaecommerse.prus.dev/vendor/pestphp/pest/src/Support/ExceptionTrace.php(26): P\Tests\Feature\Controllers\Admin\TranslationsUpdateTest-&gt;Pest\Concerns\{closure}()
#65 /www/wwwroot/statybaecommerse.prus.dev/vendor/pestphp/pest/src/Concerns/Testable.php(419): Pest\Support\ExceptionTrace::ensure()
#66 /www/wwwroot/statybaecommerse.prus.dev/vendor/pestphp/pest/src/Concerns/Testable.php(321): P\Tests\Feature\Controllers\Admin\TranslationsUpdateTest-&gt;__callClosure()
#67 /www/wwwroot/statybaecommerse.prus.dev/vendor/pestphp/pest/src/Factories/TestCaseFactory.php(169) : eval()'d code(26): P\Tests\Feature\Controllers\Admin\TranslationsUpdateTest-&gt;__runTest()
#68 /www/wwwroot/statybaecommerse.prus.dev/vendor/phpunit/phpunit/src/Framework/TestCase.php(1656): P\Tests\Feature\Controllers\Admin\TranslationsUpdateTest-&gt;__pest_evaluable_it_updates_category_translation()
#69 /www/wwwroot/statybaecommerse.prus.dev/vendor/phpunit/phpunit/src/Framework/TestCase.php(514): PHPUnit\Framework\TestCase-&gt;runTest()
#70 /www/wwwroot/statybaecommerse.prus.dev/vendor/phpunit/phpunit/src/Framework/TestRunner/TestRunner.php(87): PHPUnit\Framework\TestCase-&gt;runBare()
#71 /www/wwwroot/statybaecommerse.prus.dev/vendor/phpunit/phpunit/src/Framework/TestCase.php(361): PHPUnit\Framework\TestRunner-&gt;run()
#72 /www/wwwroot/statybaecommerse.prus.dev/vendor/phpunit/phpunit/src/Framework/TestSuite.php(369): PHPUnit\Framework\TestCase-&gt;run()
#73 /www/wwwroot/statybaecommerse.prus.dev/vendor/phpunit/phpunit/src/Framework/TestSuite.php(369): PHPUnit\Framework\TestSuite-&gt;run()
#74 /www/wwwroot/statybaecommerse.prus.dev/vendor/phpunit/phpunit/src/Framework/TestSuite.php(369): PHPUnit\Framework\TestSuite-&gt;run()
#75 /www/wwwroot/statybaecommerse.prus.dev/vendor/phpunit/phpunit/src/TextUI/TestRunner.php(64): PHPUnit\Framework\TestSuite-&gt;run()
#76 /www/wwwroot/statybaecommerse.prus.dev/vendor/phpunit/phpunit/src/TextUI/Application.php(211): PHPUnit\TextUI\TestRunner-&gt;run()
#77 /www/wwwroot/statybaecommerse.prus.dev/vendor/pestphp/pest/src/Kernel.php(103): PHPUnit\TextUI\Application-&gt;run()
#78 /www/wwwroot/statybaecommerse.prus.dev/vendor/pestphp/pest/bin/pest(184): Pest\Kernel-&gt;handle()
#79 /www/wwwroot/statybaecommerse.prus.dev/vendor/pestphp/pest/bin/pest(192): {closure}()
#80 /www/wwwroot/statybaecommerse.prus.dev/vendor/bin/pest(119): include('...')
#81 {main}

----------------------------------------------------------------------------------

App\Http\Controllers\Admin\CategoryTranslationController::update(): Argument #2 ($id) must be of type int, string given, called in /www/wwwroot/statybaecommerse.prus.dev/vendor/laravel/framework/src/Illuminate/Routing/ControllerDispatcher.php on line 46

at vendor/laravel/framework/src/Illuminate/Testing/TestResponseAssert.php:45
at vendor/laravel/framework/src/Illuminate/Testing/TestResponse.php:199
at tests/Feature/Controllers/Admin/TranslationsUpdateTest.php:31</failure>
        </testcase>
        <testcase name="it updates collection translation" file="tests/Feature/Controllers/Admin/TranslationsUpdateTest.php::it updates collection translation" class="Tests\Feature\Controllers\Admin\TranslationsUpdateTest" classname="Tests.Feature.Controllers.Admin.TranslationsUpdateTest" assertions="1" time="0.340146">
          <failure type="PHPUnit\Framework\ExpectationFailedException">it updates collection translationExpected response status code [201, 301, 302, 303, 307, 308] but received 500.
Failed asserting that false is true.

The following exception occurred during the last request:

TypeError: App\Http\Controllers\Admin\CollectionTranslationController::update(): Argument #2 ($id) must be of type int, string given, called in /www/wwwroot/statybaecommerse.prus.dev/vendor/laravel/framework/src/Illuminate/Routing/ControllerDispatcher.php on line 46 and defined in /www/wwwroot/statybaecommerse.prus.dev/app/Http/Controllers/Admin/CollectionTranslationController.php:13
Stack trace:
#0 /www/wwwroot/statybaecommerse.prus.dev/vendor/laravel/framework/src/Illuminate/Routing/ControllerDispatcher.php(46): App\Http\Controllers\Admin\CollectionTranslationController-&gt;update()
#1 /www/wwwroot/statybaecommerse.prus.dev/vendor/laravel/framework/src/Illuminate/Routing/Route.php(265): Illuminate\Routing\ControllerDispatcher-&gt;dispatch()
#2 /www/wwwroot/statybaecommerse.prus.dev/vendor/laravel/framework/src/Illuminate/Routing/Route.php(211): Illuminate\Routing\Route-&gt;runController()
#3 /www/wwwroot/statybaecommerse.prus.dev/vendor/laravel/framework/src/Illuminate/Routing/Router.php(822): Illuminate\Routing\Route-&gt;run()
#4 /www/wwwroot/statybaecommerse.prus.dev/vendor/laravel/framework/src/Illuminate/Pipeline/Pipeline.php(180): Illuminate\Routing\Router-&gt;Illuminate\Routing\{closure}()
#5 /www/wwwroot/statybaecommerse.prus.dev/vendor/barryvdh/laravel-debugbar/src/Middleware/InjectDebugbar.php(59): Illuminate\Pipeline\Pipeline-&gt;Illuminate\Pipeline\{closure}()
#6 /www/wwwroot/statybaecommerse.prus.dev/vendor/laravel/framework/src/Illuminate/Pipeline/Pipeline.php(219): Barryvdh\Debugbar\Middleware\InjectDebugbar-&gt;handle()
#7 /www/wwwroot/statybaecommerse.prus.dev/vendor/laravel/framework/src/Illuminate/Routing/Middleware/SubstituteBindings.php(50): Illuminate\Pipeline\Pipeline-&gt;Illuminate\Pipeline\{closure}()
#8 /www/wwwroot/statybaecommerse.prus.dev/vendor/laravel/framework/src/Illuminate/Pipeline/Pipeline.php(219): Illuminate\Routing\Middleware\SubstituteBindings-&gt;handle()
#9 /www/wwwroot/statybaecommerse.prus.dev/vendor/laravel/framework/src/Illuminate/Auth/Middleware/Authenticate.php(63): Illuminate\Pipeline\Pipeline-&gt;Illuminate\Pipeline\{closure}()
#10 /www/wwwroot/statybaecommerse.prus.dev/vendor/laravel/framework/src/Illuminate/Pipeline/Pipeline.php(219): Illuminate\Auth\Middleware\Authenticate-&gt;handle()
#11 /www/wwwroot/statybaecommerse.prus.dev/vendor/laravel/framework/src/Illuminate/Foundation/Http/Middleware/VerifyCsrfToken.php(87): Illuminate\Pipeline\Pipeline-&gt;Illuminate\Pipeline\{closure}()
#12 /www/wwwroot/statybaecommerse.prus.dev/vendor/laravel/framework/src/Illuminate/Pipeline/Pipeline.php(219): Illuminate\Foundation\Http\Middleware\VerifyCsrfToken-&gt;handle()
#13 /www/wwwroot/statybaecommerse.prus.dev/vendor/laravel/framework/src/Illuminate/View/Middleware/ShareErrorsFromSession.php(48): Illuminate\Pipeline\Pipeline-&gt;Illuminate\Pipeline\{closure}()
#14 /www/wwwroot/statybaecommerse.prus.dev/vendor/laravel/framework/src/Illuminate/Pipeline/Pipeline.php(219): Illuminate\View\Middleware\ShareErrorsFromSession-&gt;handle()
#15 /www/wwwroot/statybaecommerse.prus.dev/vendor/laravel/framework/src/Illuminate/Session/Middleware/StartSession.php(120): Illuminate\Pipeline\Pipeline-&gt;Illuminate\Pipeline\{closure}()
#16 /www/wwwroot/statybaecommerse.prus.dev/vendor/laravel/framework/src/Illuminate/Session/Middleware/StartSession.php(63): Illuminate\Session\Middleware\StartSession-&gt;handleStatefulRequest()
#17 /www/wwwroot/statybaecommerse.prus.dev/vendor/laravel/framework/src/Illuminate/Pipeline/Pipeline.php(219): Illuminate\Session\Middleware\StartSession-&gt;handle()
#18 /www/wwwroot/statybaecommerse.prus.dev/vendor/laravel/framework/src/Illuminate/Cookie/Middleware/AddQueuedCookiesToResponse.php(36): Illuminate\Pipeline\Pipeline-&gt;Illuminate\Pipeline\{closure}()
#19 /www/wwwroot/statybaecommerse.prus.dev/vendor/laravel/framework/src/Illuminate/Pipeline/Pipeline.php(219): Illuminate\Cookie\Middleware\AddQueuedCookiesToResponse-&gt;handle()
#20 /www/wwwroot/statybaecommerse.prus.dev/vendor/laravel/framework/src/Illuminate/Cookie/Middleware/EncryptCookies.php(74): Illuminate\Pipeline\Pipeline-&gt;Illuminate\Pipeline\{closure}()
#21 /www/wwwroot/statybaecommerse.prus.dev/vendor/laravel/framework/src/Illuminate/Pipeline/Pipeline.php(219): Illuminate\Cookie\Middleware\EncryptCookies-&gt;handle()
#22 /www/wwwroot/statybaecommerse.prus.dev/vendor/laravel/framework/src/Illuminate/Pipeline/Pipeline.php(137): Illuminate\Pipeline\Pipeline-&gt;Illuminate\Pipeline\{closure}()
#23 /www/wwwroot/statybaecommerse.prus.dev/vendor/laravel/framework/src/Illuminate/Routing/Router.php(821): Illuminate\Pipeline\Pipeline-&gt;then()
#24 /www/wwwroot/statybaecommerse.prus.dev/vendor/laravel/framework/src/Illuminate/Routing/Router.php(800): Illuminate\Routing\Router-&gt;runRouteWithinStack()
#25 /www/wwwroot/statybaecommerse.prus.dev/vendor/laravel/framework/src/Illuminate/Routing/Router.php(764): Illuminate\Routing\Router-&gt;runRoute()
#26 /www/wwwroot/statybaecommerse.prus.dev/vendor/laravel/framework/src/Illuminate/Routing/Router.php(753): Illuminate\Routing\Router-&gt;dispatchToRoute()
#27 /www/wwwroot/statybaecommerse.prus.dev/vendor/laravel/framework/src/Illuminate/Foundation/Http/Kernel.php(200): Illuminate\Routing\Router-&gt;dispatch()
#28 /www/wwwroot/statybaecommerse.prus.dev/vendor/laravel/framework/src/Illuminate/Pipeline/Pipeline.php(180): Illuminate\Foundation\Http\Kernel-&gt;Illuminate\Foundation\Http\{closure}()
#29 /www/wwwroot/statybaecommerse.prus.dev/vendor/livewire/livewire/src/Features/SupportDisablingBackButtonCache/DisableBackButtonCacheMiddleware.php(19): Illuminate\Pipeline\Pipeline-&gt;Illuminate\Pipeline\{closure}()
#30 /www/wwwroot/statybaecommerse.prus.dev/vendor/laravel/framework/src/Illuminate/Pipeline/Pipeline.php(219): Livewire\Features\SupportDisablingBackButtonCache\DisableBackButtonCacheMiddleware-&gt;handle()
#31 /www/wwwroot/statybaecommerse.prus.dev/vendor/barryvdh/laravel-debugbar/src/Middleware/InjectDebugbar.php(59): Illuminate\Pipeline\Pipeline-&gt;Illuminate\Pipeline\{closure}()
#32 /www/wwwroot/statybaecommerse.prus.dev/vendor/laravel/framework/src/Illuminate/Pipeline/Pipeline.php(219): Barryvdh\Debugbar\Middleware\InjectDebugbar-&gt;handle()
#33 /www/wwwroot/statybaecommerse.prus.dev/vendor/laravel/framework/src/Illuminate/Foundation/Testing/Concerns/MakesHttpRequests.php(202): Illuminate\Pipeline\Pipeline-&gt;Illuminate\Pipeline\{closure}()
#34 /www/wwwroot/statybaecommerse.prus.dev/vendor/laravel/framework/src/Illuminate/Pipeline/Pipeline.php(219): class@anonymous-&gt;handle()
#35 /www/wwwroot/statybaecommerse.prus.dev/vendor/laravel/framework/src/Illuminate/Foundation/Testing/Concerns/MakesHttpRequests.php(202): Illuminate\Pipeline\Pipeline-&gt;Illuminate\Pipeline\{closure}()
#36 /www/wwwroot/statybaecommerse.prus.dev/vendor/laravel/framework/src/Illuminate/Pipeline/Pipeline.php(219): class@anonymous-&gt;handle()
#37 /www/wwwroot/statybaecommerse.prus.dev/vendor/laravel/framework/src/Illuminate/Foundation/Http/Middleware/TransformsRequest.php(21): Illuminate\Pipeline\Pipeline-&gt;Illuminate\Pipeline\{closure}()
#38 /www/wwwroot/statybaecommerse.prus.dev/vendor/laravel/framework/src/Illuminate/Foundation/Http/Middleware/ConvertEmptyStringsToNull.php(31): Illuminate\Foundation\Http\Middleware\TransformsRequest-&gt;handle()
#39 /www/wwwroot/statybaecommerse.prus.dev/vendor/laravel/framework/src/Illuminate/Pipeline/Pipeline.php(219): Illuminate\Foundation\Http\Middleware\ConvertEmptyStringsToNull-&gt;handle()
#40 /www/wwwroot/statybaecommerse.prus.dev/vendor/laravel/framework/src/Illuminate/Foundation/Http/Middleware/TransformsRequest.php(21): Illuminate\Pipeline\Pipeline-&gt;Illuminate\Pipeline\{closure}()
#41 /www/wwwroot/statybaecommerse.prus.dev/vendor/laravel/framework/src/Illuminate/Foundation/Http/Middleware/TrimStrings.php(51): Illuminate\Foundation\Http\Middleware\TransformsRequest-&gt;handle()
#42 /www/wwwroot/statybaecommerse.prus.dev/vendor/laravel/framework/src/Illuminate/Pipeline/Pipeline.php(219): Illuminate\Foundation\Http\Middleware\TrimStrings-&gt;handle()
#43 /www/wwwroot/statybaecommerse.prus.dev/vendor/laravel/framework/src/Illuminate/Http/Middleware/ValidatePostSize.php(27): Illuminate\Pipeline\Pipeline-&gt;Illuminate\Pipeline\{closure}()
#44 /www/wwwroot/statybaecommerse.prus.dev/vendor/laravel/framework/src/Illuminate/Pipeline/Pipeline.php(219): Illuminate\Http\Middleware\ValidatePostSize-&gt;handle()
#45 /www/wwwroot/statybaecommerse.prus.dev/vendor/laravel/framework/src/Illuminate/Foundation/Http/Middleware/PreventRequestsDuringMaintenance.php(109): Illuminate\Pipeline\Pipeline-&gt;Illuminate\Pipeline\{closure}()
#46 /www/wwwroot/statybaecommerse.prus.dev/vendor/laravel/framework/src/Illuminate/Pipeline/Pipeline.php(219): Illuminate\Foundation\Http\Middleware\PreventRequestsDuringMaintenance-&gt;handle()
#47 /www/wwwroot/statybaecommerse.prus.dev/vendor/laravel/framework/src/Illuminate/Http/Middleware/HandleCors.php(48): Illuminate\Pipeline\Pipeline-&gt;Illuminate\Pipeline\{closure}()
#48 /www/wwwroot/statybaecommerse.prus.dev/vendor/laravel/framework/src/Illuminate/Pipeline/Pipeline.php(219): Illuminate\Http\Middleware\HandleCors-&gt;handle()
#49 /www/wwwroot/statybaecommerse.prus.dev/vendor/laravel/framework/src/Illuminate/Http/Middleware/TrustProxies.php(58): Illuminate\Pipeline\Pipeline-&gt;Illuminate\Pipeline\{closure}()
#50 /www/wwwroot/statybaecommerse.prus.dev/vendor/laravel/framework/src/Illuminate/Pipeline/Pipeline.php(219): Illuminate\Http\Middleware\TrustProxies-&gt;handle()
#51 /www/wwwroot/statybaecommerse.prus.dev/vendor/laravel/framework/src/Illuminate/Foundation/Http/Middleware/InvokeDeferredCallbacks.php(22): Illuminate\Pipeline\Pipeline-&gt;Illuminate\Pipeline\{closure}()
#52 /www/wwwroot/statybaecommerse.prus.dev/vendor/laravel/framework/src/Illuminate/Pipeline/Pipeline.php(219): Illuminate\Foundation\Http\Middleware\InvokeDeferredCallbacks-&gt;handle()
#53 /www/wwwroot/statybaecommerse.prus.dev/vendor/laravel/framework/src/Illuminate/Http/Middleware/ValidatePathEncoding.php(26): Illuminate\Pipeline\Pipeline-&gt;Illuminate\Pipeline\{closure}()
#54 /www/wwwroot/statybaecommerse.prus.dev/vendor/laravel/framework/src/Illuminate/Pipeline/Pipeline.php(219): Illuminate\Http\Middleware\ValidatePathEncoding-&gt;handle()
#55 /www/wwwroot/statybaecommerse.prus.dev/vendor/laravel/framework/src/Illuminate/Pipeline/Pipeline.php(137): Illuminate\Pipeline\Pipeline-&gt;Illuminate\Pipeline\{closure}()
#56 /www/wwwroot/statybaecommerse.prus.dev/vendor/laravel/framework/src/Illuminate/Foundation/Http/Kernel.php(175): Illuminate\Pipeline\Pipeline-&gt;then()
#57 /www/wwwroot/statybaecommerse.prus.dev/vendor/laravel/framework/src/Illuminate/Foundation/Http/Kernel.php(144): Illuminate\Foundation\Http\Kernel-&gt;sendRequestThroughRouter()
#58 /www/wwwroot/statybaecommerse.prus.dev/vendor/laravel/framework/src/Illuminate/Foundation/Testing/Concerns/MakesHttpRequests.php(607): Illuminate\Foundation\Http\Kernel-&gt;handle()
#59 /www/wwwroot/statybaecommerse.prus.dev/vendor/laravel/framework/src/Illuminate/Foundation/Testing/Concerns/MakesHttpRequests.php(427): Illuminate\Foundation\Testing\TestCase-&gt;call()
#60 /www/wwwroot/statybaecommerse.prus.dev/tests/Feature/Controllers/Admin/TranslationsUpdateTest.php(41): Illuminate\Foundation\Testing\TestCase-&gt;put()
#61 /www/wwwroot/statybaecommerse.prus.dev/vendor/pestphp/pest/src/Factories/TestCaseMethodFactory.php(168): P\Tests\Feature\Controllers\Admin\TranslationsUpdateTest-&gt;{closure}()
#62 [internal function]: P\Tests\Feature\Controllers\Admin\TranslationsUpdateTest-&gt;Pest\Factories\{closure}()
#63 /www/wwwroot/statybaecommerse.prus.dev/vendor/pestphp/pest/src/Concerns/Testable.php(419): call_user_func_array()
#64 /www/wwwroot/statybaecommerse.prus.dev/vendor/pestphp/pest/src/Support/ExceptionTrace.php(26): P\Tests\Feature\Controllers\Admin\TranslationsUpdateTest-&gt;Pest\Concerns\{closure}()
#65 /www/wwwroot/statybaecommerse.prus.dev/vendor/pestphp/pest/src/Concerns/Testable.php(419): Pest\Support\ExceptionTrace::ensure()
#66 /www/wwwroot/statybaecommerse.prus.dev/vendor/pestphp/pest/src/Concerns/Testable.php(321): P\Tests\Feature\Controllers\Admin\TranslationsUpdateTest-&gt;__callClosure()
#67 /www/wwwroot/statybaecommerse.prus.dev/vendor/pestphp/pest/src/Factories/TestCaseFactory.php(169) : eval()'d code(35): P\Tests\Feature\Controllers\Admin\TranslationsUpdateTest-&gt;__runTest()
[...]
            <skipped/>
          </testcase>
          <testcase name="it has expected named routes registered with data set &quot;('account.orders.detail')&quot;" file="tests/Feature/Routes/NamedRoutesTest.php::it has expected named routes registered with data set &quot;('account.orders.detail')&quot;" class="Tests\Feature\Routes\NamedRoutesTest" classname="Tests.Feature.Routes.NamedRoutesTest" assertions="0" time="0.042160">
            <skipped/>
          </testcase>
          <testcase name="it has expected named routes registered with data set &quot;('account.order.show')&quot;" file="tests/Feature/Routes/NamedRoutesTest.php::it has expected named routes registered with data set &quot;('account.order.show')&quot;" class="Tests\Feature\Routes\NamedRoutesTest" classname="Tests.Feature.Routes.NamedRoutesTest" assertions="0" time="0.057761">
            <skipped/>
          </testcase>
          <testcase name="it has expected named routes registered with data set &quot;('account.reviews')&quot;" file="tests/Feature/Routes/NamedRoutesTest.php::it has expected named routes registered with data set &quot;('account.reviews')&quot;" class="Tests\Feature\Routes\NamedRoutesTest" classname="Tests.Feature.Routes.NamedRoutesTest" assertions="0" time="0.047793">
            <skipped/>
          </testcase>
          <testcase name="it has expected named routes registered with data set &quot;('exports.index')&quot;" file="tests/Feature/Routes/NamedRoutesTest.php::it has expected named routes registered with data set &quot;('exports.index')&quot;" class="Tests\Feature\Routes\NamedRoutesTest" classname="Tests.Feature.Routes.NamedRoutesTest" assertions="0" time="0.053856">
            <skipped/>
          </testcase>
          <testcase name="it has expected named routes registered with data set &quot;('exports.download')&quot;" file="tests/Feature/Routes/NamedRoutesTest.php::it has expected named routes registered with data set &quot;('exports.download')&quot;" class="Tests\Feature\Routes\NamedRoutesTest" classname="Tests.Feature.Routes.NamedRoutesTest" assertions="0" time="0.047642">
            <skipped/>
          </testcase>
          <testcase name="it has expected named routes registered with data set &quot;('cpanel.redirect.localized')&quot;" file="tests/Feature/Routes/NamedRoutesTest.php::it has expected named routes registered with data set &quot;('cpanel.redirect.localized')&quot;" class="Tests\Feature\Routes\NamedRoutesTest" classname="Tests.Feature.Routes.NamedRoutesTest" assertions="0" time="0.055557">
            <skipped/>
          </testcase>
          <testcase name="it has expected named routes registered with data set &quot;('admin.redirect.localized')&quot;" file="tests/Feature/Routes/NamedRoutesTest.php::it has expected named routes registered with data set &quot;('admin.redirect.localized')&quot;" class="Tests\Feature\Routes\NamedRoutesTest" classname="Tests.Feature.Routes.NamedRoutesTest" assertions="0" time="0.042887">
            <skipped/>
          </testcase>
          <testcase name="it has expected named routes registered with data set &quot;('checkout.confirmation')&quot;" file="tests/Feature/Routes/NamedRoutesTest.php::it has expected named routes registered with data set &quot;('checkout.confirmation')&quot;" class="Tests\Feature\Routes\NamedRoutesTest" classname="Tests.Feature.Routes.NamedRoutesTest" assertions="0" time="0.024017">
            <skipped/>
          </testcase>
          <testcase name="it has expected named routes registered with data set &quot;('admin.orders.packing-slip')&quot;" file="tests/Feature/Routes/NamedRoutesTest.php::it has expected named routes registered with data set &quot;('admin.orders.packing-slip')&quot;" class="Tests\Feature\Routes\NamedRoutesTest" classname="Tests.Feature.Routes.NamedRoutesTest" assertions="0" time="0.024852">
            <skipped/>
          </testcase>
          <testcase name="it has expected named routes registered with data set &quot;('admin.discounts.codes')&quot;" file="tests/Feature/Routes/NamedRoutesTest.php::it has expected named routes registered with data set &quot;('admin.discounts.codes')&quot;" class="Tests\Feature\Routes\NamedRoutesTest" classname="Tests.Feature.Routes.NamedRoutesTest" assertions="0" time="0.025504">
            <skipped/>
          </testcase>
          <testcase name="it has expected named routes registered with data set &quot;('admin.discounts.codes.store')&quot;" file="tests/Feature/Routes/NamedRoutesTest.php::it has expected named routes registered with data set &quot;('admin.discounts.codes.store')&quot;" class="Tests\Feature\Routes\NamedRoutesTest" classname="Tests.Feature.Routes.NamedRoutesTest" assertions="0" time="0.024737">
            <skipped/>
          </testcase>
          <testcase name="it has expected named routes registered with data set &quot;('admin.discounts.codes.download')&quot;" file="tests/Feature/Routes/NamedRoutesTest.php::it has expected named routes registered with data set &quot;('admin.discounts.codes.download')&quot;" class="Tests\Feature\Routes\NamedRoutesTest" classname="Tests.Feature.Routes.NamedRoutesTest" assertions="0" time="0.023690">
            <skipped/>
          </testcase>
          <testcase name="it has expected named routes registered with data set &quot;('admin.discounts.preview')&quot;" file="tests/Feature/Routes/NamedRoutesTest.php::it has expected named routes registered with data set &quot;('admin.discounts.preview')&quot;" class="Tests\Feature\Routes\NamedRoutesTest" classname="Tests.Feature.Routes.NamedRoutesTest" assertions="0" time="0.023758">
            <skipped/>
          </testcase>
          <testcase name="it has expected named routes registered with data set &quot;('admin.discounts.preview.compute')&quot;" file="tests/Feature/Routes/NamedRoutesTest.php::it has expected named routes registered with data set &quot;('admin.discounts.preview.compute')&quot;" class="Tests\Feature\Routes\NamedRoutesTest" classname="Tests.Feature.Routes.NamedRoutesTest" assertions="0" time="0.035565">
            <skipped/>
          </testcase>
          <testcase name="it has expected named routes registered with data set &quot;('admin.discounts.presets')&quot;" file="tests/Feature/Routes/NamedRoutesTest.php::it has expected named routes registered with data set &quot;('admin.discounts.presets')&quot;" class="Tests\Feature\Routes\NamedRoutesTest" classname="Tests.Feature.Routes.NamedRoutesTest" assertions="0" time="0.023298">
            <skipped/>
          </testcase>
          <testcase name="it has expected named routes registered with data set &quot;('admin.discounts.presets.store')&quot;" file="tests/Feature/Routes/NamedRoutesTest.php::it has expected named routes registered with data set &quot;('admin.discounts.presets.store')&quot;" class="Tests\Feature\Routes\NamedRoutesTest" classname="Tests.Feature.Routes.NamedRoutesTest" assertions="0" time="0.023504">
            <skipped/>
          </testcase>
          <testcase name="it has expected named routes registered with data set &quot;('admin.campaigns.index')&quot;" file="tests/Feature/Routes/NamedRoutesTest.php::it has expected named routes registered with data set &quot;('admin.campaigns.index')&quot;" class="Tests\Feature\Routes\NamedRoutesTest" classname="Tests.Feature.Routes.NamedRoutesTest" assertions="0" time="0.023666">
            <skipped/>
          </testcase>
          <testcase name="it has expected named routes registered with data set &quot;('admin.campaigns.create')&quot;" file="tests/Feature/Routes/NamedRoutesTest.php::it has expected named routes registered with data set &quot;('admin.campaigns.create')&quot;" class="Tests\Feature\Routes\NamedRoutesTest" classname="Tests.Feature.Routes.NamedRoutesTest" assertions="0" time="0.023733">
            <skipped/>
          </testcase>
          <testcase name="it has expected named routes registered with data set &quot;('admin.campaigns.store')&quot;" file="tests/Feature/Routes/NamedRoutesTest.php::it has expected named routes registered with data set &quot;('admin.campaigns.store')&quot;" class="Tests\Feature\Routes\NamedRoutesTest" classname="Tests.Feature.Routes.NamedRoutesTest" assertions="0" time="0.023709">
            <skipped/>
          </testcase>
          <testcase name="it has expected named routes registered with data set &quot;('admin.campaigns.edit')&quot;" file="tests/Feature/Routes/NamedRoutesTest.php::it has expected named routes registered with data set &quot;('admin.campaigns.edit')&quot;" class="Tests\Feature\Routes\NamedRoutesTest" classname="Tests.Feature.Routes.NamedRoutesTest" assertions="0" time="0.058045">
            <skipped/>
          </testcase>
          <testcase name="it has expected named routes registered with data set &quot;('admin.campaigns.update')&quot;" file="tests/Feature/Routes/NamedRoutesTest.php::it has expected named routes registered with data set &quot;('admin.campaigns.update')&quot;" class="Tests\Feature\Routes\NamedRoutesTest" classname="Tests.Feature.Routes.NamedRoutesTest" assertions="0" time="0.025084">
            <skipped/>
          </testcase>
          <testcase name="it has expected named routes registered with data set &quot;('admin.redemptions.index')&quot;" file="tests/Feature/Routes/NamedRoutesTest.php::it has expected named routes registered with data set &quot;('admin.redemptions.index')&quot;" class="Tests\Feature\Routes\NamedRoutesTest" classname="Tests.Feature.Routes.NamedRoutesTest" assertions="0" time="0.023538">
            <skipped/>
          </testcase>
          <testcase name="it has expected named routes registered with data set &quot;('admin.redemptions.export')&quot;" file="tests/Feature/Routes/NamedRoutesTest.php::it has expected named routes registered with data set &quot;('admin.redemptions.export')&quot;" class="Tests\Feature\Routes\NamedRoutesTest" classname="Tests.Feature.Routes.NamedRoutesTest" assertions="0" time="0.023323">
            <skipped/>
          </testcase>
          <testcase name="it has expected named routes registered with data set &quot;('admin.orders.status.edit')&quot;" file="tests/Feature/Routes/NamedRoutesTest.php::it has expected named routes registered with data set &quot;('admin.orders.status.edit')&quot;" class="Tests\Feature\Routes\NamedRoutesTest" classname="Tests.Feature.Routes.NamedRoutesTest" assertions="0" time="0.023726">
            <skipped/>
          </testcase>
          <testcase name="it has expected named routes registered with data set &quot;('admin.orders.status.update')&quot;" file="tests/Feature/Routes/NamedRoutesTest.php::it has expected named routes registered with data set &quot;('admin.orders.status.update')&quot;" class="Tests\Feature\Routes\NamedRoutesTest" classname="Tests.Feature.Routes.NamedRoutesTest" assertions="0" time="0.023944">
            <skipped/>
          </testcase>
          <testcase name="it has expected named routes registered with data set &quot;('admin.orders.tracking.update')&quot;" file="tests/Feature/Routes/NamedRoutesTest.php::it has expected named routes registered with data set &quot;('admin.orders.tracking.update')&quot;" class="Tests\Feature\Routes\NamedRoutesTest" classname="Tests.Feature.Routes.NamedRoutesTest" assertions="0" time="0.023862">
            <skipped/>
          </testcase>
          <testcase name="it has expected named routes registered with data set &quot;('admin.legal.translations.save')&quot;" file="tests/Feature/Routes/NamedRoutesTest.php::it has expected named routes registered with data set &quot;('admin.legal.translations.save')&quot;" class="Tests\Feature\Routes\NamedRoutesTest" classname="Tests.Feature.Routes.NamedRoutesTest" assertions="0" time="0.024149">
            <skipped/>
          </testcase>
          <testcase name="it has expected named routes registered with data set &quot;('admin.brands.translations.save')&quot;" file="tests/Feature/Routes/NamedRoutesTest.php::it has expected named routes registered with data set &quot;('admin.brands.translations.save')&quot;" class="Tests\Feature\Routes\NamedRoutesTest" classname="Tests.Feature.Routes.NamedRoutesTest" assertions="0" time="0.023228">
            <skipped/>
          </testcase>
          <testcase name="it has expected named routes registered with data set &quot;('admin.categories.translations.save')&quot;" file="tests/Feature/Routes/NamedRoutesTest.php::it has expected named routes registered with data set &quot;('admin.categories.translations.save')&quot;" class="Tests\Feature\Routes\NamedRoutesTest" classname="Tests.Feature.Routes.NamedRoutesTest" assertions="0" time="0.023579">
            <skipped/>
          </testcase>
          <testcase name="it has expected named routes registered with data set &quot;('admin.collections.translations.save')&quot;" file="tests/Feature/Routes/NamedRoutesTest.php::it has expected named routes registered with data set &quot;('admin.collections.translations.save')&quot;" class="Tests\Feature\Routes\NamedRoutesTest" classname="Tests.Feature.Routes.NamedRoutesTest" assertions="0" time="0.023115">
            <skipped/>
          </testcase>
          <testcase name="it has expected named routes registered with data set &quot;('admin.products.translations.save')&quot;" file="tests/Feature/Routes/NamedRoutesTest.php::it has expected named routes registered with data set &quot;('admin.products.translations.save')&quot;" class="Tests\Feature\Routes\NamedRoutesTest" classname="Tests.Feature.Routes.NamedRoutesTest" assertions="0" time="0.023076">
            <skipped/>
          </testcase>
          <testcase name="it has expected named routes registered with data set &quot;('admin.attributes.translations.save')&quot;" file="tests/Feature/Routes/NamedRoutesTest.php::it has expected named routes registered with data set &quot;('admin.attributes.translations.save')&quot;" class="Tests\Feature\Routes\NamedRoutesTest" classname="Tests.Feature.Routes.NamedRoutesTest" assertions="0" time="0.037942">
            <skipped/>
          </testcase>
          <testcase name="it has expected named routes registered with data set &quot;('admin.attribute-values.transl…s.save')&quot;" file="tests/Feature/Routes/NamedRoutesTest.php::it has expected named routes registered with data set &quot;('admin.attribute-values.transl…s.save')&quot;" class="Tests\Feature\Routes\NamedRoutesTest" classname="Tests.Feature.Routes.NamedRoutesTest" assertions="0" time="0.024295">
            <skipped/>
          </testcase>
        </testsuite>
        <testsuite name="it guest is redirected from protected routes" tests="11" assertions="0" errors="0" failures="0" skipped="11" time="0.260007">
          <testcase name="it guest is redirected from protected routes with data set &quot;('GET', 'exports.index')&quot;" file="tests/Feature/Routes/NamedRoutesTest.php::it guest is redirected from protected routes with data set &quot;('GET', 'exports.index')&quot;" class="Tests\Feature\Routes\NamedRoutesTest" classname="Tests.Feature.Routes.NamedRoutesTest" assertions="0" time="0.024800">
            <skipped/>
          </testcase>
          <testcase name="it guest is redirected from protected routes with data set &quot;('GET', 'exports.download', ['export.csv'])&quot;" file="tests/Feature/Routes/NamedRoutesTest.php::it guest is redirected from protected routes with data set &quot;('GET', 'exports.download', ['export.csv'])&quot;" class="Tests\Feature\Routes\NamedRoutesTest" classname="Tests.Feature.Routes.NamedRoutesTest" assertions="0" time="0.023198">
            <skipped/>
          </testcase>
          <testcase name="it guest is redirected from protected routes with data set &quot;('GET', 'checkout.confirmation', ['ORD-123'])&quot;" file="tests/Feature/Routes/NamedRoutesTest.php::it guest is redirected from protected routes with data set &quot;('GET', 'checkout.confirmation', ['ORD-123'])&quot;" class="Tests\Feature\Routes\NamedRoutesTest" classname="Tests.Feature.Routes.NamedRoutesTest" assertions="0" time="0.023271">
            <skipped/>
          </testcase>
          <testcase name="it guest is redirected from protected routes with data set &quot;('GET', 'admin.discounts.presets')&quot;" file="tests/Feature/Routes/NamedRoutesTest.php::it guest is redirected from protected routes with data set &quot;('GET', 'admin.discounts.presets')&quot;" class="Tests\Feature\Routes\NamedRoutesTest" classname="Tests.Feature.Routes.NamedRoutesTest" assertions="0" time="0.023670">
            <skipped/>
          </testcase>
          <testcase name="it guest is redirected from protected routes with data set &quot;('POST', 'admin.discounts.presets.store')&quot;" file="tests/Feature/Routes/NamedRoutesTest.php::it guest is redirected from protected routes with data set &quot;('POST', 'admin.discounts.presets.store')&quot;" class="Tests\Feature\Routes\NamedRoutesTest" classname="Tests.Feature.Routes.NamedRoutesTest" assertions="0" time="0.023279">
            <skipped/>
          </testcase>
          <testcase name="it guest is redirected from protected routes with data set &quot;('GET', 'admin.campaigns.index')&quot;" file="tests/Feature/Routes/NamedRoutesTest.php::it guest is redirected from protected routes with data set &quot;('GET', 'admin.campaigns.index')&quot;" class="Tests\Feature\Routes\NamedRoutesTest" classname="Tests.Feature.Routes.NamedRoutesTest" assertions="0" time="0.023165">
            <skipped/>
          </testcase>
          <testcase name="it guest is redirected from protected routes with data set &quot;('POST', 'admin.campaigns.store')&quot;" file="tests/Feature/Routes/NamedRoutesTest.php::it guest is redirected from protected routes with data set &quot;('POST', 'admin.campaigns.store')&quot;" class="Tests\Feature\Routes\NamedRoutesTest" classname="Tests.Feature.Routes.NamedRoutesTest" assertions="0" time="0.023141">
            <skipped/>
          </testcase>
          <testcase name="it guest is redirected from protected routes with data set &quot;('PUT', 'admin.campaigns.update', [1])&quot;" file="tests/Feature/Routes/NamedRoutesTest.php::it guest is redirected from protected routes with data set &quot;('PUT', 'admin.campaigns.update', [1])&quot;" class="Tests\Feature\Routes\NamedRoutesTest" classname="Tests.Feature.Routes.NamedRoutesTest" assertions="0" time="0.023431">
            <skipped/>
          </testcase>
          <testcase name="it guest is redirected from protected routes with data set &quot;('GET', 'admin.redemptions.index')&quot;" file="tests/Feature/Routes/NamedRoutesTest.php::it guest is redirected from protected routes with data set &quot;('GET', 'admin.redemptions.index')&quot;" class="Tests\Feature\Routes\NamedRoutesTest" classname="Tests.Feature.Routes.NamedRoutesTest" assertions="0" time="0.024350">
            <skipped/>
          </testcase>
          <testcase name="it guest is redirected from protected routes with data set &quot;('GET', 'admin.orders.status.edit', ['ORD-1'])&quot;" file="tests/Feature/Routes/NamedRoutesTest.php::it guest is redirected from protected routes with data set &quot;('GET', 'admin.orders.status.edit', ['ORD-1'])&quot;" class="Tests\Feature\Routes\NamedRoutesTest" classname="Tests.Feature.Routes.NamedRoutesTest" assertions="0" time="0.024492">
            <skipped/>
          </testcase>
          <testcase name="it guest is redirected from protected routes with data set &quot;('PUT', 'admin.orders.status.update', ['ORD-1'])&quot;" file="tests/Feature/Routes/NamedRoutesTest.php::it guest is redirected from protected routes with data set &quot;('PUT', 'admin.orders.status.update', ['ORD-1'])&quot;" class="Tests\Feature\Routes\NamedRoutesTest" classname="Tests.Feature.Routes.NamedRoutesTest" assertions="0" time="0.023209">
            <skipped/>
          </testcase>
        </testsuite>
      </testsuite>
    </testsuite>
  </testsuite>
</testsuites>
